[ 2017-06-20T22:25:02+08:00 ] 127.0.0.1 127.0.0.1 GET /home/build/build.html
[ log ] www.alivehouse.com/home/build/build.html [运行时间：0.226471s][吞吐率：4.42req/s] [内存消耗：243.49kb] [文件加载：44]
[ info ] [ LANG ] D:\upupw\aliveHouse\thinkphp\lang\zh-cn.php
[ info ] [ ROUTE ] array (
  'type' => 'module',
  'module' => 
  array (
    0 => 'home',
    1 => 'build',
    2 => 'build',
  ),
)
[ info ] [ HEADER ] array (
  'host' => 'www.alivehouse.com',
  'connection' => 'keep-alive',
  'cache-control' => 'max-age=0',
  'upgrade-insecure-requests' => '1',
  'user-agent' => 'Mozilla/5.0 (Windows NT 10.0; WOW64) AppleWebKit/537.36 (KHTML, like Gecko) Chrome/58.0.3029.96 Safari/537.36',
  'accept' => 'text/html,application/xhtml+xml,application/xml;q=0.9,image/webp,*/*;q=0.8',
  'referer' => 'http://www.alivehouse.com/',
  'accept-encoding' => 'gzip, deflate, sdch',
  'accept-language' => 'zh-CN,zh;q=0.8',
  'cookie' => 'PHPSESSID=2e4o9p2ekquj633nbbv6q65q56',
)
[ info ] [ PARAM ] array (
)
[ info ] [ RUN ] app\home\controller\BuildController->buildAction[ D:\upupw\aliveHouse\application\home\controller\BuildController.php ]
[ info ] [ SESSION ] INIT array (
  'id' => '',
  'var_session_id' => '',
  'prefix' => 'think',
  'type' => '',
  'auto_start' => true,
)
[ info ] [ VIEW ] D:\upupw\aliveHouse\public/../application/home\view\build\build-box.html [ array (
  0 => 'DEFAULT_URL',
) ]
[ info ] [ LOG ] INIT File

---------------------------------------------------------------
