[ 2017-05-24T17:11:56+08:00 ] 127.0.0.1 127.0.0.1 POST /manage/login/login
[ log ] www.alivehouse.com/manage/login/login [运行时间：0.152006s][吞吐率：6.58req/s] [内存消耗：394.66kb] [文件加载：50]
[ info ] [ LANG ] D:\upupw\aliveHouse\thinkphp\lang\zh-cn.php
[ info ] [ ROUTE ] array (
  'type' => 'module',
  'module' => 
  array (
    0 => 'manage',
    1 => 'login',
    2 => 'login',
  ),
)
[ info ] [ HEADER ] array (
  'host' => 'www.alivehouse.com',
  'connection' => 'keep-alive',
  'content-length' => '31',
  'accept' => 'application/json, text/javascript, */*; q=0.01',
  'origin' => 'http://www.alivehouse.com',
  'x-requested-with' => 'XMLHttpRequest',
  'user-agent' => 'Mozilla/5.0 (Windows NT 6.1; Win64; x64) AppleWebKit/537.36 (KHTML, like Gecko) Chrome/57.0.2987.98 Safari/537.36',
  'content-type' => 'application/x-www-form-urlencoded; charset=UTF-8',
  'referer' => 'http://www.alivehouse.com/manage/login/login.html',
  'accept-encoding' => 'gzip, deflate',
  'accept-language' => 'zh-CN,zh;q=0.8',
  'cookie' => 'PHPSESSID=ue8tu2p41tn5a50oajskjbp583',
)
[ info ] [ PARAM ] array (
  'param' => 'username',
  'name' => 'WF_username',
)
[ info ] [ RUN ] app\manage\controller\LoginController->loginAction[ D:\upupw\aliveHouse\application\manage\controller\LoginController.php ]
[ info ] [ DB ] INIT mysql
[ info ] [ SESSION ] INIT array (
  'id' => '',
  'var_session_id' => '',
  'prefix' => 'think',
  'type' => '',
  'auto_start' => true,
)
[ info ] [ LOG ] INIT File
[ sql ] [ DB ] CONNECT:[ UseTime:0.010000s ] mysql:dbname=ah_alivehouse;host=127.0.0.1;port=3306;charset=utf8
[ error ] [42S02]SQLSTATE[42S02]: Base table or view not found: 1146 Table 'ah_alivehouse.ah_base_user' doesn't exist[D:\upupw\aliveHouse\thinkphp\library\think\db\connector\Mysql.php:63]

---------------------------------------------------------------
[ 2017-05-24T17:11:58+08:00 ] 127.0.0.1 127.0.0.1 POST /manage/login/login
[ log ] www.alivehouse.com/manage/login/login [运行时间：0.077004s][吞吐率：12.99req/s] [内存消耗：393.29kb] [文件加载：50]
[ info ] [ LANG ] D:\upupw\aliveHouse\thinkphp\lang\zh-cn.php
[ info ] [ ROUTE ] array (
  'type' => 'module',
  'module' => 
  array (
    0 => 'manage',
    1 => 'login',
    2 => 'login',
  ),
)
[ info ] [ HEADER ] array (
  'host' => 'www.alivehouse.com',
  'connection' => 'keep-alive',
  'content-length' => '31',
  'accept' => 'application/json, text/javascript, */*; q=0.01',
  'origin' => 'http://www.alivehouse.com',
  'x-requested-with' => 'XMLHttpRequest',
  'user-agent' => 'Mozilla/5.0 (Windows NT 6.1; Win64; x64) AppleWebKit/537.36 (KHTML, like Gecko) Chrome/57.0.2987.98 Safari/537.36',
  'content-type' => 'application/x-www-form-urlencoded; charset=UTF-8',
  'referer' => 'http://www.alivehouse.com/manage/login/login.html',
  'accept-encoding' => 'gzip, deflate',
  'accept-language' => 'zh-CN,zh;q=0.8',
  'cookie' => 'PHPSESSID=ue8tu2p41tn5a50oajskjbp583',
)
[ info ] [ PARAM ] array (
  'param' => 'username',
  'name' => 'WF_username',
)
[ info ] [ RUN ] app\manage\controller\LoginController->loginAction[ D:\upupw\aliveHouse\application\manage\controller\LoginController.php ]
[ info ] [ DB ] INIT mysql
[ info ] [ SESSION ] INIT array (
  'id' => '',
  'var_session_id' => '',
  'prefix' => 'think',
  'type' => '',
  'auto_start' => true,
)
[ info ] [ LOG ] INIT File
[ sql ] [ DB ] CONNECT:[ UseTime:0.000000s ] mysql:dbname=ah_alivehouse;host=127.0.0.1;port=3306;charset=utf8
[ error ] [42S02]SQLSTATE[42S02]: Base table or view not found: 1146 Table 'ah_alivehouse.ah_base_user' doesn't exist[D:\upupw\aliveHouse\thinkphp\library\think\db\connector\Mysql.php:63]

---------------------------------------------------------------
[ 2017-05-24T17:12:02+08:00 ] 127.0.0.1 127.0.0.1 GET /
[ log ] www.alivehouse.com/ [运行时间：0.100006s][吞吐率：10.00req/s] [内存消耗：504.91kb] [文件加载：55]
[ info ] [ LANG ] D:\upupw\aliveHouse\thinkphp\lang\zh-cn.php
[ info ] [ ROUTE ] array (
  'type' => 'module',
  'module' => 
  array (
    0 => '',
    1 => NULL,
    2 => NULL,
  ),
)
[ info ] [ HEADER ] array (
  'host' => 'www.alivehouse.com',
  'connection' => 'keep-alive',
  'upgrade-insecure-requests' => '1',
  'user-agent' => 'Mozilla/5.0 (Windows NT 6.1; Win64; x64) AppleWebKit/537.36 (KHTML, like Gecko) Chrome/57.0.2987.98 Safari/537.36',
  'accept' => 'text/html,application/xhtml+xml,application/xml;q=0.9,image/webp,*/*;q=0.8',
  'accept-encoding' => 'gzip, deflate, sdch',
  'accept-language' => 'zh-CN,zh;q=0.8',
  'cookie' => 'PHPSESSID=ue8tu2p41tn5a50oajskjbp583',
)
[ info ] [ PARAM ] array (
)
[ info ] [ RUN ] app\manage\controller\IndexController->indexAction[ D:\upupw\aliveHouse\application\manage\controller\IndexController.php ]
[ info ] [ SESSION ] INIT array (
  'id' => '',
  'var_session_id' => '',
  'prefix' => 'think',
  'type' => '',
  'auto_start' => true,
)
[ info ] [ VIEW ] D:\upupw\aliveHouse\public/../application/manage\view\index\index.html [ array (
  0 => 'DEFAULT_URL',
  1 => 'meta_title',
) ]
[ info ] [ DB ] INIT mysql
[ info ] [ CACHE ] INIT File
[ info ] [ LOG ] INIT File
[ sql ] [ DB ] CONNECT:[ UseTime:0.010000s ] mysql:dbname=ah_alivehouse;host=127.0.0.1;port=3306;charset=utf8
[ sql ] [ SQL ] SHOW COLUMNS FROM `ah_back_menu` [ RunTime:0.005001s ]
[ sql ] [ SQL ] SELECT * FROM `ah_back_menu` LIMIT 1 [ RunTime:0.001000s ]
[ sql ] [ SQL ] SELECT `id`,`name`,`parent`,`route`,`order`,`type`,`data` FROM `ah_back_menu` WHERE  `type` = '1' ORDER BY id asc [ RunTime:0.001000s ]
[ sql ] [ SQL ] SELECT * FROM `ah_back_menu` LIMIT 1 [ RunTime:0.000000s ]
[ sql ] [ SQL ] SELECT `id` FROM `ah_back_menu` WHERE  `type` = '1' ORDER BY id asc [ RunTime:0.000000s ]

---------------------------------------------------------------
[ 2017-05-24T17:12:03+08:00 ] 127.0.0.1 127.0.0.1 GET /manage/index/nav
[ log ] www.alivehouse.com/manage/index/nav [运行时间：0.076004s][吞吐率：13.16req/s] [内存消耗：447.57kb] [文件加载：52]
[ info ] [ LANG ] D:\upupw\aliveHouse\thinkphp\lang\zh-cn.php
[ info ] [ ROUTE ] array (
  'type' => 'module',
  'module' => 
  array (
    0 => 'manage',
    1 => 'index',
    2 => 'nav',
  ),
)
[ info ] [ HEADER ] array (
  'host' => 'www.alivehouse.com',
  'connection' => 'keep-alive',
  'accept' => 'application/json, text/javascript, */*; q=0.01',
  'x-requested-with' => 'XMLHttpRequest',
  'user-agent' => 'Mozilla/5.0 (Windows NT 6.1; Win64; x64) AppleWebKit/537.36 (KHTML, like Gecko) Chrome/57.0.2987.98 Safari/537.36',
  'referer' => 'http://www.alivehouse.com/',
  'accept-encoding' => 'gzip, deflate, sdch',
  'accept-language' => 'zh-CN,zh;q=0.8',
  'cookie' => 'PHPSESSID=ue8tu2p41tn5a50oajskjbp583',
)
[ info ] [ PARAM ] array (
)
[ info ] [ RUN ] app\manage\controller\IndexController->navAction[ D:\upupw\aliveHouse\application\manage\controller\IndexController.php ]
[ info ] [ DB ] INIT mysql
[ info ] [ CACHE ] INIT File
[ info ] [ SESSION ] INIT array (
  'id' => '',
  'var_session_id' => '',
  'prefix' => 'think',
  'type' => '',
  'auto_start' => true,
)
[ info ] [ LOG ] INIT File
[ sql ] [ DB ] CONNECT:[ UseTime:0.011001s ] mysql:dbname=ah_alivehouse;host=127.0.0.1;port=3306;charset=utf8
[ sql ] [ SQL ] SHOW COLUMNS FROM `ah_back_menu` [ RunTime:0.006000s ]
[ sql ] [ SQL ] SELECT * FROM `ah_back_menu` LIMIT 1 [ RunTime:0.000000s ]
[ sql ] [ SQL ] SELECT `id`,`name`,`parent`,`route`,`order`,`type`,`data` FROM `ah_back_menu` WHERE  `type` = '1' ORDER BY id asc [ RunTime:0.000000s ]
[ sql ] [ SQL ] SELECT * FROM `ah_back_menu` LIMIT 1 [ RunTime:0.000000s ]
[ sql ] [ SQL ] SELECT `id` FROM `ah_back_menu` WHERE  `type` = '1' ORDER BY id asc [ RunTime:0.000000s ]

---------------------------------------------------------------
[ 2017-05-24T17:12:03+08:00 ] 127.0.0.1 127.0.0.1 GET /manage/index/home.html?iframe=true
[ log ] www.alivehouse.com/manage/index/home.html?iframe=true [运行时间：0.046003s][吞吐率：21.74req/s] [内存消耗：228.12kb] [文件加载：38]
[ info ] [ LANG ] D:\upupw\aliveHouse\thinkphp\lang\zh-cn.php
[ info ] [ ROUTE ] array (
  'type' => 'module',
  'module' => 
  array (
    0 => 'manage',
    1 => 'index',
    2 => 'home',
  ),
)
[ info ] [ HEADER ] array (
  'host' => 'www.alivehouse.com',
  'connection' => 'keep-alive',
  'upgrade-insecure-requests' => '1',
  'user-agent' => 'Mozilla/5.0 (Windows NT 6.1; Win64; x64) AppleWebKit/537.36 (KHTML, like Gecko) Chrome/57.0.2987.98 Safari/537.36',
  'accept' => 'text/html,application/xhtml+xml,application/xml;q=0.9,image/webp,*/*;q=0.8',
  'referer' => 'http://www.alivehouse.com/',
  'accept-encoding' => 'gzip, deflate, sdch',
  'accept-language' => 'zh-CN,zh;q=0.8',
  'cookie' => 'PHPSESSID=ue8tu2p41tn5a50oajskjbp583',
)
[ info ] [ PARAM ] array (
  'iframe' => 'true',
)
[ info ] [ RUN ] app\manage\controller\IndexController->homeAction[ D:\upupw\aliveHouse\application\manage\controller\IndexController.php ]
[ info ] [ SESSION ] INIT array (
  'id' => '',
  'var_session_id' => '',
  'prefix' => 'think',
  'type' => '',
  'auto_start' => true,
)
[ info ] [ VIEW ] D:\upupw\aliveHouse\public/../application/manage\view\index\home.html [ array (
  0 => 'meta_title',
) ]
[ info ] [ LOG ] INIT File

---------------------------------------------------------------
[ 2017-05-24T17:16:30+08:00 ] 127.0.0.1 127.0.0.1 GET /
[ log ] www.alivehouse.com/ [运行时间：0.084004s][吞吐率：11.90req/s] [内存消耗：464.42kb] [文件加载：53]
[ info ] [ LANG ] D:\upupw\aliveHouse\thinkphp\lang\zh-cn.php
[ info ] [ ROUTE ] array (
  'type' => 'module',
  'module' => 
  array (
    0 => '',
    1 => NULL,
    2 => NULL,
  ),
)
[ info ] [ HEADER ] array (
  'host' => 'www.alivehouse.com',
  'connection' => 'keep-alive',
  'cache-control' => 'max-age=0',
  'upgrade-insecure-requests' => '1',
  'user-agent' => 'Mozilla/5.0 (Windows NT 6.1; Win64; x64) AppleWebKit/537.36 (KHTML, like Gecko) Chrome/57.0.2987.98 Safari/537.36',
  'accept' => 'text/html,application/xhtml+xml,application/xml;q=0.9,image/webp,*/*;q=0.8',
  'accept-encoding' => 'gzip, deflate, sdch',
  'accept-language' => 'zh-CN,zh;q=0.8',
  'cookie' => 'PHPSESSID=ue8tu2p41tn5a50oajskjbp583',
)
[ info ] [ PARAM ] array (
)
[ info ] [ RUN ] app\manage\controller\IndexController->indexAction[ D:\upupw\aliveHouse\application\manage\controller\IndexController.php ]
[ info ] [ SESSION ] INIT array (
  'id' => '',
  'var_session_id' => '',
  'prefix' => 'think',
  'type' => '',
  'auto_start' => true,
)
[ info ] [ VIEW ] D:\upupw\aliveHouse\public/../application/manage\view\index\index.html [ array (
  0 => 'DEFAULT_URL',
  1 => 'meta_title',
) ]
[ info ] [ DB ] INIT mysql
[ info ] [ CACHE ] INIT File
[ info ] [ LOG ] INIT File
[ sql ] [ DB ] CONNECT:[ UseTime:0.001000s ] mysql:dbname=ah_alivehouse;host=127.0.0.1;port=3306;charset=utf8
[ sql ] [ SQL ] SHOW COLUMNS FROM `ah_back_menu` [ RunTime:0.006001s ]
[ sql ] [ SQL ] SELECT * FROM `ah_back_menu` LIMIT 1 [ RunTime:0.001000s ]
[ sql ] [ SQL ] SELECT `id`,`name`,`parent`,`route`,`order`,`type`,`data` FROM `ah_back_menu` WHERE  `type` = '1' ORDER BY id asc [ RunTime:0.001000s ]
[ sql ] [ SQL ] SELECT * FROM `ah_back_menu` LIMIT 1 [ RunTime:0.000000s ]
[ sql ] [ SQL ] SELECT `id` FROM `ah_back_menu` WHERE  `type` = '1' ORDER BY id asc [ RunTime:0.001000s ]

---------------------------------------------------------------
[ 2017-05-24T17:16:30+08:00 ] 127.0.0.1 127.0.0.1 GET /manage/index/nav
[ log ] www.alivehouse.com/manage/index/nav [运行时间：0.065004s][吞吐率：15.38req/s] [内存消耗：447.54kb] [文件加载：52]
[ info ] [ LANG ] D:\upupw\aliveHouse\thinkphp\lang\zh-cn.php
[ info ] [ ROUTE ] array (
  'type' => 'module',
  'module' => 
  array (
    0 => 'manage',
    1 => 'index',
    2 => 'nav',
  ),
)
[ info ] [ HEADER ] array (
  'host' => 'www.alivehouse.com',
  'connection' => 'keep-alive',
  'accept' => 'application/json, text/javascript, */*; q=0.01',
  'x-requested-with' => 'XMLHttpRequest',
  'user-agent' => 'Mozilla/5.0 (Windows NT 6.1; Win64; x64) AppleWebKit/537.36 (KHTML, like Gecko) Chrome/57.0.2987.98 Safari/537.36',
  'referer' => 'http://www.alivehouse.com/',
  'accept-encoding' => 'gzip, deflate, sdch',
  'accept-language' => 'zh-CN,zh;q=0.8',
  'cookie' => 'PHPSESSID=ue8tu2p41tn5a50oajskjbp583',
)
[ info ] [ PARAM ] array (
)
[ info ] [ RUN ] app\manage\controller\IndexController->navAction[ D:\upupw\aliveHouse\application\manage\controller\IndexController.php ]
[ info ] [ DB ] INIT mysql
[ info ] [ CACHE ] INIT File
[ info ] [ SESSION ] INIT array (
  'id' => '',
  'var_session_id' => '',
  'prefix' => 'think',
  'type' => '',
  'auto_start' => true,
)
[ info ] [ LOG ] INIT File
[ sql ] [ DB ] CONNECT:[ UseTime:0.001000s ] mysql:dbname=ah_alivehouse;host=127.0.0.1;port=3306;charset=utf8
[ sql ] [ SQL ] SHOW COLUMNS FROM `ah_back_menu` [ RunTime:0.006000s ]
[ sql ] [ SQL ] SELECT * FROM `ah_back_menu` LIMIT 1 [ RunTime:0.000000s ]
[ sql ] [ SQL ] SELECT `id`,`name`,`parent`,`route`,`order`,`type`,`data` FROM `ah_back_menu` WHERE  `type` = '1' ORDER BY id asc [ RunTime:0.000000s ]
[ sql ] [ SQL ] SELECT * FROM `ah_back_menu` LIMIT 1 [ RunTime:0.000000s ]
[ sql ] [ SQL ] SELECT `id` FROM `ah_back_menu` WHERE  `type` = '1' ORDER BY id asc [ RunTime:0.001000s ]

---------------------------------------------------------------
[ 2017-05-24T17:16:30+08:00 ] 127.0.0.1 127.0.0.1 GET /manage/index/home.html?iframe=true
[ log ] www.alivehouse.com/manage/index/home.html?iframe=true [运行时间：0.040002s][吞吐率：25.00req/s] [内存消耗：183.35kb] [文件加载：36]
[ info ] [ LANG ] D:\upupw\aliveHouse\thinkphp\lang\zh-cn.php
[ info ] [ ROUTE ] array (
  'type' => 'module',
  'module' => 
  array (
    0 => 'manage',
    1 => 'index',
    2 => 'home',
  ),
)
[ info ] [ HEADER ] array (
  'host' => 'www.alivehouse.com',
  'connection' => 'keep-alive',
  'upgrade-insecure-requests' => '1',
  'user-agent' => 'Mozilla/5.0 (Windows NT 6.1; Win64; x64) AppleWebKit/537.36 (KHTML, like Gecko) Chrome/57.0.2987.98 Safari/537.36',
  'accept' => 'text/html,application/xhtml+xml,application/xml;q=0.9,image/webp,*/*;q=0.8',
  'referer' => 'http://www.alivehouse.com/',
  'accept-encoding' => 'gzip, deflate, sdch',
  'accept-language' => 'zh-CN,zh;q=0.8',
  'cookie' => 'PHPSESSID=ue8tu2p41tn5a50oajskjbp583',
)
[ info ] [ PARAM ] array (
  'iframe' => 'true',
)
[ info ] [ RUN ] app\manage\controller\IndexController->homeAction[ D:\upupw\aliveHouse\application\manage\controller\IndexController.php ]
[ info ] [ SESSION ] INIT array (
  'id' => '',
  'var_session_id' => '',
  'prefix' => 'think',
  'type' => '',
  'auto_start' => true,
)
[ info ] [ VIEW ] D:\upupw\aliveHouse\public/../application/manage\view\index\home.html [ array (
  0 => 'meta_title',
) ]
[ info ] [ LOG ] INIT File

---------------------------------------------------------------
[ 2017-05-24T17:16:36+08:00 ] 127.0.0.1 127.0.0.1 GET /
[ log ] www.alivehouse.com/ [运行时间：0.086005s][吞吐率：11.63req/s] [内存消耗：464.02kb] [文件加载：53]
[ info ] [ LANG ] D:\upupw\aliveHouse\thinkphp\lang\zh-cn.php
[ info ] [ ROUTE ] array (
  'type' => 'module',
  'module' => 
  array (
    0 => '',
    1 => NULL,
    2 => NULL,
  ),
)
[ info ] [ HEADER ] array (
  'host' => 'www.alivehouse.com',
  'connection' => 'keep-alive',
  'cache-control' => 'max-age=0',
  'upgrade-insecure-requests' => '1',
  'user-agent' => 'Mozilla/5.0 (Windows NT 6.1; Win64; x64) AppleWebKit/537.36 (KHTML, like Gecko) Chrome/57.0.2987.98 Safari/537.36',
  'accept' => 'text/html,application/xhtml+xml,application/xml;q=0.9,image/webp,*/*;q=0.8',
  'accept-encoding' => 'gzip, deflate, sdch',
  'accept-language' => 'zh-CN,zh;q=0.8',
  'cookie' => 'PHPSESSID=ue8tu2p41tn5a50oajskjbp583',
)
[ info ] [ PARAM ] array (
)
[ info ] [ RUN ] app\manage\controller\IndexController->indexAction[ D:\upupw\aliveHouse\application\manage\controller\IndexController.php ]
[ info ] [ SESSION ] INIT array (
  'id' => '',
  'var_session_id' => '',
  'prefix' => 'think',
  'type' => '',
  'auto_start' => true,
)
[ info ] [ VIEW ] D:\upupw\aliveHouse\public/../application/manage\view\index\index.html [ array (
  0 => 'DEFAULT_URL',
  1 => 'meta_title',
) ]
[ info ] [ DB ] INIT mysql
[ info ] [ CACHE ] INIT File
[ info ] [ LOG ] INIT File
[ sql ] [ DB ] CONNECT:[ UseTime:0.001000s ] mysql:dbname=ah_alivehouse;host=127.0.0.1;port=3306;charset=utf8
[ sql ] [ SQL ] SHOW COLUMNS FROM `ah_back_menu` [ RunTime:0.008000s ]
[ sql ] [ SQL ] SELECT * FROM `ah_back_menu` LIMIT 1 [ RunTime:0.000000s ]
[ sql ] [ SQL ] SELECT `id`,`name`,`parent`,`route`,`order`,`type`,`data` FROM `ah_back_menu` WHERE  `type` = '1' ORDER BY id asc [ RunTime:0.000000s ]
[ sql ] [ SQL ] SELECT * FROM `ah_back_menu` LIMIT 1 [ RunTime:0.000000s ]
[ sql ] [ SQL ] SELECT `id` FROM `ah_back_menu` WHERE  `type` = '1' ORDER BY id asc [ RunTime:0.001000s ]

---------------------------------------------------------------
[ 2017-05-24T17:16:36+08:00 ] 127.0.0.1 127.0.0.1 GET /manage/index/nav
[ log ] www.alivehouse.com/manage/index/nav [运行时间：0.069004s][吞吐率：14.49req/s] [内存消耗：447.54kb] [文件加载：52]
[ info ] [ LANG ] D:\upupw\aliveHouse\thinkphp\lang\zh-cn.php
[ info ] [ ROUTE ] array (
  'type' => 'module',
  'module' => 
  array (
    0 => 'manage',
    1 => 'index',
    2 => 'nav',
  ),
)
[ info ] [ HEADER ] array (
  'host' => 'www.alivehouse.com',
  'connection' => 'keep-alive',
  'accept' => 'application/json, text/javascript, */*; q=0.01',
  'x-requested-with' => 'XMLHttpRequest',
  'user-agent' => 'Mozilla/5.0 (Windows NT 6.1; Win64; x64) AppleWebKit/537.36 (KHTML, like Gecko) Chrome/57.0.2987.98 Safari/537.36',
  'referer' => 'http://www.alivehouse.com/',
  'accept-encoding' => 'gzip, deflate, sdch',
  'accept-language' => 'zh-CN,zh;q=0.8',
  'cookie' => 'PHPSESSID=ue8tu2p41tn5a50oajskjbp583',
)
[ info ] [ PARAM ] array (
)
[ info ] [ RUN ] app\manage\controller\IndexController->navAction[ D:\upupw\aliveHouse\application\manage\controller\IndexController.php ]
[ info ] [ DB ] INIT mysql
[ info ] [ CACHE ] INIT File
[ info ] [ SESSION ] INIT array (
  'id' => '',
  'var_session_id' => '',
  'prefix' => 'think',
  'type' => '',
  'auto_start' => true,
)
[ info ] [ LOG ] INIT File
[ sql ] [ DB ] CONNECT:[ UseTime:0.000000s ] mysql:dbname=ah_alivehouse;host=127.0.0.1;port=3306;charset=utf8
[ sql ] [ SQL ] SHOW COLUMNS FROM `ah_back_menu` [ RunTime:0.005001s ]
[ sql ] [ SQL ] SELECT * FROM `ah_back_menu` LIMIT 1 [ RunTime:0.000000s ]
[ sql ] [ SQL ] SELECT `id`,`name`,`parent`,`route`,`order`,`type`,`data` FROM `ah_back_menu` WHERE  `type` = '1' ORDER BY id asc [ RunTime:0.000000s ]
[ sql ] [ SQL ] SELECT * FROM `ah_back_menu` LIMIT 1 [ RunTime:0.000000s ]
[ sql ] [ SQL ] SELECT `id` FROM `ah_back_menu` WHERE  `type` = '1' ORDER BY id asc [ RunTime:0.000000s ]

---------------------------------------------------------------
[ 2017-05-24T17:16:36+08:00 ] 127.0.0.1 127.0.0.1 GET /manage/index/home.html?iframe=true
[ log ] www.alivehouse.com/manage/index/home.html?iframe=true [运行时间：0.041002s][吞吐率：24.39req/s] [内存消耗：182.95kb] [文件加载：36]
[ info ] [ LANG ] D:\upupw\aliveHouse\thinkphp\lang\zh-cn.php
[ info ] [ ROUTE ] array (
  'type' => 'module',
  'module' => 
  array (
    0 => 'manage',
    1 => 'index',
    2 => 'home',
  ),
)
[ info ] [ HEADER ] array (
  'host' => 'www.alivehouse.com',
  'connection' => 'keep-alive',
  'upgrade-insecure-requests' => '1',
  'user-agent' => 'Mozilla/5.0 (Windows NT 6.1; Win64; x64) AppleWebKit/537.36 (KHTML, like Gecko) Chrome/57.0.2987.98 Safari/537.36',
  'accept' => 'text/html,application/xhtml+xml,application/xml;q=0.9,image/webp,*/*;q=0.8',
  'referer' => 'http://www.alivehouse.com/',
  'accept-encoding' => 'gzip, deflate, sdch',
  'accept-language' => 'zh-CN,zh;q=0.8',
  'cookie' => 'PHPSESSID=ue8tu2p41tn5a50oajskjbp583',
)
[ info ] [ PARAM ] array (
  'iframe' => 'true',
)
[ info ] [ RUN ] app\manage\controller\IndexController->homeAction[ D:\upupw\aliveHouse\application\manage\controller\IndexController.php ]
[ info ] [ SESSION ] INIT array (
  'id' => '',
  'var_session_id' => '',
  'prefix' => 'think',
  'type' => '',
  'auto_start' => true,
)
[ info ] [ VIEW ] D:\upupw\aliveHouse\public/../application/manage\view\index\home.html [ array (
  0 => 'meta_title',
) ]
[ info ] [ LOG ] INIT File

---------------------------------------------------------------
[ 2017-05-24T17:16:45+08:00 ] 127.0.0.1 127.0.0.1 GET /
[ log ] www.alivehouse.com/ [运行时间：0.087004s][吞吐率：11.49req/s] [内存消耗：464.02kb] [文件加载：53]
[ info ] [ LANG ] D:\upupw\aliveHouse\thinkphp\lang\zh-cn.php
[ info ] [ ROUTE ] array (
  'type' => 'module',
  'module' => 
  array (
    0 => '',
    1 => NULL,
    2 => NULL,
  ),
)
[ info ] [ HEADER ] array (
  'host' => 'www.alivehouse.com',
  'connection' => 'keep-alive',
  'cache-control' => 'max-age=0',
  'upgrade-insecure-requests' => '1',
  'user-agent' => 'Mozilla/5.0 (Windows NT 6.1; Win64; x64) AppleWebKit/537.36 (KHTML, like Gecko) Chrome/57.0.2987.98 Safari/537.36',
  'accept' => 'text/html,application/xhtml+xml,application/xml;q=0.9,image/webp,*/*;q=0.8',
  'accept-encoding' => 'gzip, deflate, sdch',
  'accept-language' => 'zh-CN,zh;q=0.8',
  'cookie' => 'PHPSESSID=ue8tu2p41tn5a50oajskjbp583',
)
[ info ] [ PARAM ] array (
)
[ info ] [ RUN ] app\manage\controller\IndexController->indexAction[ D:\upupw\aliveHouse\application\manage\controller\IndexController.php ]
[ info ] [ SESSION ] INIT array (
  'id' => '',
  'var_session_id' => '',
  'prefix' => 'think',
  'type' => '',
  'auto_start' => true,
)
[ info ] [ VIEW ] D:\upupw\aliveHouse\public/../application/manage\view\index\index.html [ array (
  0 => 'DEFAULT_URL',
  1 => 'meta_title',
) ]
[ info ] [ DB ] INIT mysql
[ info ] [ CACHE ] INIT File
[ info ] [ LOG ] INIT File
[ sql ] [ DB ] CONNECT:[ UseTime:0.001000s ] mysql:dbname=ah_alivehouse;host=127.0.0.1;port=3306;charset=utf8
[ sql ] [ SQL ] SHOW COLUMNS FROM `ah_back_menu` [ RunTime:0.006001s ]
[ sql ] [ SQL ] SELECT * FROM `ah_back_menu` LIMIT 1 [ RunTime:0.000000s ]
[ sql ] [ SQL ] SELECT `id`,`name`,`parent`,`route`,`order`,`type`,`data` FROM `ah_back_menu` WHERE  `type` = '1' ORDER BY id asc [ RunTime:0.000000s ]
[ sql ] [ SQL ] SELECT * FROM `ah_back_menu` LIMIT 1 [ RunTime:0.000000s ]
[ sql ] [ SQL ] SELECT `id` FROM `ah_back_menu` WHERE  `type` = '1' ORDER BY id asc [ RunTime:0.001000s ]

---------------------------------------------------------------
[ 2017-05-24T17:16:45+08:00 ] 127.0.0.1 127.0.0.1 GET /manage/index/nav
[ log ] www.alivehouse.com/manage/index/nav [运行时间：0.064004s][吞吐率：15.62req/s] [内存消耗：447.54kb] [文件加载：52]
[ info ] [ LANG ] D:\upupw\aliveHouse\thinkphp\lang\zh-cn.php
[ info ] [ ROUTE ] array (
  'type' => 'module',
  'module' => 
  array (
    0 => 'manage',
    1 => 'index',
    2 => 'nav',
  ),
)
[ info ] [ HEADER ] array (
  'host' => 'www.alivehouse.com',
  'connection' => 'keep-alive',
  'accept' => 'application/json, text/javascript, */*; q=0.01',
  'x-requested-with' => 'XMLHttpRequest',
  'user-agent' => 'Mozilla/5.0 (Windows NT 6.1; Win64; x64) AppleWebKit/537.36 (KHTML, like Gecko) Chrome/57.0.2987.98 Safari/537.36',
  'referer' => 'http://www.alivehouse.com/',
  'accept-encoding' => 'gzip, deflate, sdch',
  'accept-language' => 'zh-CN,zh;q=0.8',
  'cookie' => 'PHPSESSID=ue8tu2p41tn5a50oajskjbp583',
)
[ info ] [ PARAM ] array (
)
[ info ] [ RUN ] app\manage\controller\IndexController->navAction[ D:\upupw\aliveHouse\application\manage\controller\IndexController.php ]
[ info ] [ DB ] INIT mysql
[ info ] [ CACHE ] INIT File
[ info ] [ SESSION ] INIT array (
  'id' => '',
  'var_session_id' => '',
  'prefix' => 'think',
  'type' => '',
  'auto_start' => true,
)
[ info ] [ LOG ] INIT File
[ sql ] [ DB ] CONNECT:[ UseTime:0.001000s ] mysql:dbname=ah_alivehouse;host=127.0.0.1;port=3306;charset=utf8
[ sql ] [ SQL ] SHOW COLUMNS FROM `ah_back_menu` [ RunTime:0.005000s ]
[ sql ] [ SQL ] SELECT * FROM `ah_back_menu` LIMIT 1 [ RunTime:0.000000s ]
[ sql ] [ SQL ] SELECT `id`,`name`,`parent`,`route`,`order`,`type`,`data` FROM `ah_back_menu` WHERE  `type` = '1' ORDER BY id asc [ RunTime:0.001000s ]
[ sql ] [ SQL ] SELECT * FROM `ah_back_menu` LIMIT 1 [ RunTime:0.000000s ]
[ sql ] [ SQL ] SELECT `id` FROM `ah_back_menu` WHERE  `type` = '1' ORDER BY id asc [ RunTime:0.000000s ]

---------------------------------------------------------------
[ 2017-05-24T17:16:45+08:00 ] 127.0.0.1 127.0.0.1 GET /manage/index/home.html?iframe=true
[ log ] www.alivehouse.com/manage/index/home.html?iframe=true [运行时间：0.042002s][吞吐率：23.81req/s] [内存消耗：182.95kb] [文件加载：36]
[ info ] [ LANG ] D:\upupw\aliveHouse\thinkphp\lang\zh-cn.php
[ info ] [ ROUTE ] array (
  'type' => 'module',
  'module' => 
  array (
    0 => 'manage',
    1 => 'index',
    2 => 'home',
  ),
)
[ info ] [ HEADER ] array (
  'host' => 'www.alivehouse.com',
  'connection' => 'keep-alive',
  'upgrade-insecure-requests' => '1',
  'user-agent' => 'Mozilla/5.0 (Windows NT 6.1; Win64; x64) AppleWebKit/537.36 (KHTML, like Gecko) Chrome/57.0.2987.98 Safari/537.36',
  'accept' => 'text/html,application/xhtml+xml,application/xml;q=0.9,image/webp,*/*;q=0.8',
  'referer' => 'http://www.alivehouse.com/',
  'accept-encoding' => 'gzip, deflate, sdch',
  'accept-language' => 'zh-CN,zh;q=0.8',
  'cookie' => 'PHPSESSID=ue8tu2p41tn5a50oajskjbp583',
)
[ info ] [ PARAM ] array (
  'iframe' => 'true',
)
[ info ] [ RUN ] app\manage\controller\IndexController->homeAction[ D:\upupw\aliveHouse\application\manage\controller\IndexController.php ]
[ info ] [ SESSION ] INIT array (
  'id' => '',
  'var_session_id' => '',
  'prefix' => 'think',
  'type' => '',
  'auto_start' => true,
)
[ info ] [ VIEW ] D:\upupw\aliveHouse\public/../application/manage\view\index\home.html [ array (
  0 => 'meta_title',
) ]
[ info ] [ LOG ] INIT File

---------------------------------------------------------------
[ 2017-05-24T17:17:44+08:00 ] 127.0.0.1 127.0.0.1 GET /
[ log ] www.alivehouse.com/ [运行时间：0.179010s][吞吐率：5.59req/s] [内存消耗：463.02kb] [文件加载：53]
[ info ] [ LANG ] D:\upupw\aliveHouse\thinkphp\lang\zh-cn.php
[ info ] [ ROUTE ] array (
  'type' => 'module',
  'module' => 
  array (
    0 => '',
    1 => NULL,
    2 => NULL,
  ),
)
[ info ] [ HEADER ] array (
  'host' => 'www.alivehouse.com',
  'connection' => 'keep-alive',
  'upgrade-insecure-requests' => '1',
  'user-agent' => 'Mozilla/5.0 (Windows NT 6.1; Win64; x64) AppleWebKit/537.36 (KHTML, like Gecko) Chrome/57.0.2987.98 Safari/537.36',
  'accept' => 'text/html,application/xhtml+xml,application/xml;q=0.9,image/webp,*/*;q=0.8',
  'accept-encoding' => 'gzip, deflate, sdch',
  'accept-language' => 'zh-CN,zh;q=0.8',
)
[ info ] [ PARAM ] array (
)
[ info ] [ RUN ] app\manage\controller\IndexController->indexAction[ D:\upupw\aliveHouse\application\manage\controller\IndexController.php ]
[ info ] [ SESSION ] INIT array (
  'id' => '',
  'var_session_id' => '',
  'prefix' => 'think',
  'type' => '',
  'auto_start' => true,
)
[ info ] [ VIEW ] D:\upupw\aliveHouse\public/../application/manage\view\index\index.html [ array (
  0 => 'DEFAULT_URL',
  1 => 'meta_title',
) ]
[ info ] [ DB ] INIT mysql
[ info ] [ CACHE ] INIT File
[ info ] [ LOG ] INIT File
[ sql ] [ DB ] CONNECT:[ UseTime:0.001000s ] mysql:dbname=ah_alivehouse;host=127.0.0.1;port=3306;charset=utf8
[ sql ] [ SQL ] SHOW COLUMNS FROM `ah_back_menu` [ RunTime:0.050003s ]
[ sql ] [ SQL ] SELECT * FROM `ah_back_menu` LIMIT 1 [ RunTime:0.001000s ]
[ sql ] [ SQL ] SELECT `id`,`name`,`parent`,`route`,`order`,`type`,`data` FROM `ah_back_menu` WHERE  `type` = '1' ORDER BY id asc [ RunTime:0.016001s ]
[ sql ] [ SQL ] SELECT * FROM `ah_back_menu` LIMIT 1 [ RunTime:0.004000s ]
[ sql ] [ SQL ] SELECT `id` FROM `ah_back_menu` WHERE  `type` = '1' ORDER BY id asc [ RunTime:0.002000s ]

---------------------------------------------------------------
[ 2017-05-24T17:17:51+08:00 ] 127.0.0.1 127.0.0.1 GET /manage/index/nav
[ log ] www.alivehouse.com/manage/index/nav [运行时间：0.241014s][吞吐率：4.15req/s] [内存消耗：447.23kb] [文件加载：52]
[ info ] [ LANG ] D:\upupw\aliveHouse\thinkphp\lang\zh-cn.php
[ info ] [ ROUTE ] array (
  'type' => 'module',
  'module' => 
  array (
    0 => 'manage',
    1 => 'index',
    2 => 'nav',
  ),
)
[ info ] [ HEADER ] array (
  'host' => 'www.alivehouse.com',
  'connection' => 'keep-alive',
  'accept' => 'application/json, text/javascript, */*; q=0.01',
  'x-requested-with' => 'XMLHttpRequest',
  'user-agent' => 'Mozilla/5.0 (Windows NT 6.1; Win64; x64) AppleWebKit/537.36 (KHTML, like Gecko) Chrome/57.0.2987.98 Safari/537.36',
  'referer' => 'http://www.alivehouse.com/',
  'accept-encoding' => 'gzip, deflate, sdch',
  'accept-language' => 'zh-CN,zh;q=0.8',
  'cookie' => 'PHPSESSID=2m2qudu2t1ifohq0dnns549jh6',
)
[ info ] [ PARAM ] array (
)
[ info ] [ RUN ] app\manage\controller\IndexController->navAction[ D:\upupw\aliveHouse\application\manage\controller\IndexController.php ]
[ info ] [ DB ] INIT mysql
[ info ] [ CACHE ] INIT File
[ info ] [ SESSION ] INIT array (
  'id' => '',
  'var_session_id' => '',
  'prefix' => 'think',
  'type' => '',
  'auto_start' => true,
)
[ info ] [ LOG ] INIT File
[ sql ] [ DB ] CONNECT:[ UseTime:0.072004s ] mysql:dbname=ah_alivehouse;host=127.0.0.1;port=3306;charset=utf8
[ sql ] [ SQL ] SHOW COLUMNS FROM `ah_back_menu` [ RunTime:0.030002s ]
[ sql ] [ SQL ] SELECT * FROM `ah_back_menu` LIMIT 1 [ RunTime:0.001000s ]
[ sql ] [ SQL ] SELECT `id`,`name`,`parent`,`route`,`order`,`type`,`data` FROM `ah_back_menu` WHERE  `type` = '1' ORDER BY id asc [ RunTime:0.001000s ]
[ sql ] [ SQL ] SELECT * FROM `ah_back_menu` LIMIT 1 [ RunTime:0.000000s ]
[ sql ] [ SQL ] SELECT `id` FROM `ah_back_menu` WHERE  `type` = '1' ORDER BY id asc [ RunTime:0.000000s ]

---------------------------------------------------------------
[ 2017-05-24T17:17:51+08:00 ] 127.0.0.1 127.0.0.1 GET /manage/index/home.html?iframe=true
[ log ] www.alivehouse.com/manage/index/home.html?iframe=true [运行时间：0.044002s][吞吐率：22.73req/s] [内存消耗：182.73kb] [文件加载：36]
[ info ] [ LANG ] D:\upupw\aliveHouse\thinkphp\lang\zh-cn.php
[ info ] [ ROUTE ] array (
  'type' => 'module',
  'module' => 
  array (
    0 => 'manage',
    1 => 'index',
    2 => 'home',
  ),
)
[ info ] [ HEADER ] array (
  'host' => 'www.alivehouse.com',
  'connection' => 'keep-alive',
  'upgrade-insecure-requests' => '1',
  'user-agent' => 'Mozilla/5.0 (Windows NT 6.1; Win64; x64) AppleWebKit/537.36 (KHTML, like Gecko) Chrome/57.0.2987.98 Safari/537.36',
  'accept' => 'text/html,application/xhtml+xml,application/xml;q=0.9,image/webp,*/*;q=0.8',
  'referer' => 'http://www.alivehouse.com/',
  'accept-encoding' => 'gzip, deflate, sdch',
  'accept-language' => 'zh-CN,zh;q=0.8',
  'cookie' => 'PHPSESSID=2m2qudu2t1ifohq0dnns549jh6',
)
[ info ] [ PARAM ] array (
  'iframe' => 'true',
)
[ info ] [ RUN ] app\manage\controller\IndexController->homeAction[ D:\upupw\aliveHouse\application\manage\controller\IndexController.php ]
[ info ] [ SESSION ] INIT array (
  'id' => '',
  'var_session_id' => '',
  'prefix' => 'think',
  'type' => '',
  'auto_start' => true,
)
[ info ] [ VIEW ] D:\upupw\aliveHouse\public/../application/manage\view\index\home.html [ array (
  0 => 'meta_title',
) ]
[ info ] [ LOG ] INIT File

---------------------------------------------------------------
[ 2017-05-24T17:19:21+08:00 ] 127.0.0.1 127.0.0.1 GET /
[ log ] www.alivehouse.com/ [运行时间：0.094006s][吞吐率：10.64req/s] [内存消耗：463.85kb] [文件加载：53]
[ info ] [ LANG ] D:\upupw\aliveHouse\thinkphp\lang\zh-cn.php
[ info ] [ ROUTE ] array (
  'type' => 'module',
  'module' => 
  array (
    0 => '',
    1 => NULL,
    2 => NULL,
  ),
)
[ info ] [ HEADER ] array (
  'host' => 'www.alivehouse.com',
  'connection' => 'keep-alive',
  'cache-control' => 'max-age=0',
  'upgrade-insecure-requests' => '1',
  'user-agent' => 'Mozilla/5.0 (Windows NT 6.1; Win64; x64) AppleWebKit/537.36 (KHTML, like Gecko) Chrome/57.0.2987.98 Safari/537.36',
  'accept' => 'text/html,application/xhtml+xml,application/xml;q=0.9,image/webp,*/*;q=0.8',
  'accept-encoding' => 'gzip, deflate, sdch',
  'accept-language' => 'zh-CN,zh;q=0.8',
  'cookie' => 'PHPSESSID=2m2qudu2t1ifohq0dnns549jh6',
)
[ info ] [ PARAM ] array (
)
[ info ] [ RUN ] app\manage\controller\IndexController->indexAction[ D:\upupw\aliveHouse\application\manage\controller\IndexController.php ]
[ info ] [ SESSION ] INIT array (
  'id' => '',
  'var_session_id' => '',
  'prefix' => 'think',
  'type' => '',
  'auto_start' => true,
)
[ info ] [ VIEW ] D:\upupw\aliveHouse\public/../application/manage\view\index\index.html [ array (
  0 => 'DEFAULT_URL',
  1 => 'meta_title',
) ]
[ info ] [ DB ] INIT mysql
[ info ] [ CACHE ] INIT File
[ info ] [ LOG ] INIT File
[ sql ] [ DB ] CONNECT:[ UseTime:0.010000s ] mysql:dbname=ah_alivehouse;host=127.0.0.1;port=3306;charset=utf8
[ sql ] [ SQL ] SHOW COLUMNS FROM `ah_back_menu` [ RunTime:0.006001s ]
[ sql ] [ SQL ] SELECT * FROM `ah_back_menu` LIMIT 1 [ RunTime:0.000000s ]
[ sql ] [ SQL ] SELECT `id`,`name`,`parent`,`route`,`order`,`type`,`data` FROM `ah_back_menu` WHERE  `type` = '1' ORDER BY id asc [ RunTime:0.000000s ]
[ sql ] [ SQL ] SELECT * FROM `ah_back_menu` LIMIT 1 [ RunTime:0.000000s ]
[ sql ] [ SQL ] SELECT `id` FROM `ah_back_menu` WHERE  `type` = '1' ORDER BY id asc [ RunTime:0.001000s ]

---------------------------------------------------------------
[ 2017-05-24T17:19:21+08:00 ] 127.0.0.1 127.0.0.1 GET /manage/index/nav
[ log ] www.alivehouse.com/manage/index/nav [运行时间：0.065003s][吞吐率：15.38req/s] [内存消耗：447.38kb] [文件加载：52]
[ info ] [ LANG ] D:\upupw\aliveHouse\thinkphp\lang\zh-cn.php
[ info ] [ ROUTE ] array (
  'type' => 'module',
  'module' => 
  array (
    0 => 'manage',
    1 => 'index',
    2 => 'nav',
  ),
)
[ info ] [ HEADER ] array (
  'host' => 'www.alivehouse.com',
  'connection' => 'keep-alive',
  'accept' => 'application/json, text/javascript, */*; q=0.01',
  'x-requested-with' => 'XMLHttpRequest',
  'user-agent' => 'Mozilla/5.0 (Windows NT 6.1; Win64; x64) AppleWebKit/537.36 (KHTML, like Gecko) Chrome/57.0.2987.98 Safari/537.36',
  'referer' => 'http://www.alivehouse.com/',
  'accept-encoding' => 'gzip, deflate, sdch',
  'accept-language' => 'zh-CN,zh;q=0.8',
  'cookie' => 'PHPSESSID=2m2qudu2t1ifohq0dnns549jh6',
)
[ info ] [ PARAM ] array (
)
[ info ] [ RUN ] app\manage\controller\IndexController->navAction[ D:\upupw\aliveHouse\application\manage\controller\IndexController.php ]
[ info ] [ DB ] INIT mysql
[ info ] [ CACHE ] INIT File
[ info ] [ SESSION ] INIT array (
  'id' => '',
  'var_session_id' => '',
  'prefix' => 'think',
  'type' => '',
  'auto_start' => true,
)
[ info ] [ LOG ] INIT File
[ sql ] [ DB ] CONNECT:[ UseTime:0.001000s ] mysql:dbname=ah_alivehouse;host=127.0.0.1;port=3306;charset=utf8
[ sql ] [ SQL ] SHOW COLUMNS FROM `ah_back_menu` [ RunTime:0.005000s ]
[ sql ] [ SQL ] SELECT * FROM `ah_back_menu` LIMIT 1 [ RunTime:0.001000s ]
[ sql ] [ SQL ] SELECT `id`,`name`,`parent`,`route`,`order`,`type`,`data` FROM `ah_back_menu` WHERE  `type` = '1' ORDER BY id asc [ RunTime:0.000000s ]
[ sql ] [ SQL ] SELECT * FROM `ah_back_menu` LIMIT 1 [ RunTime:0.000000s ]
[ sql ] [ SQL ] SELECT `id` FROM `ah_back_menu` WHERE  `type` = '1' ORDER BY id asc [ RunTime:0.001001s ]

---------------------------------------------------------------
[ 2017-05-24T17:19:21+08:00 ] 127.0.0.1 127.0.0.1 GET /manage/index/home.html?iframe=true
[ log ] www.alivehouse.com/manage/index/home.html?iframe=true [运行时间：0.040003s][吞吐率：25.00req/s] [内存消耗：182.78kb] [文件加载：36]
[ info ] [ LANG ] D:\upupw\aliveHouse\thinkphp\lang\zh-cn.php
[ info ] [ ROUTE ] array (
  'type' => 'module',
  'module' => 
  array (
    0 => 'manage',
    1 => 'index',
    2 => 'home',
  ),
)
[ info ] [ HEADER ] array (
  'host' => 'www.alivehouse.com',
  'connection' => 'keep-alive',
  'upgrade-insecure-requests' => '1',
  'user-agent' => 'Mozilla/5.0 (Windows NT 6.1; Win64; x64) AppleWebKit/537.36 (KHTML, like Gecko) Chrome/57.0.2987.98 Safari/537.36',
  'accept' => 'text/html,application/xhtml+xml,application/xml;q=0.9,image/webp,*/*;q=0.8',
  'referer' => 'http://www.alivehouse.com/',
  'accept-encoding' => 'gzip, deflate, sdch',
  'accept-language' => 'zh-CN,zh;q=0.8',
  'cookie' => 'PHPSESSID=2m2qudu2t1ifohq0dnns549jh6',
)
[ info ] [ PARAM ] array (
  'iframe' => 'true',
)
[ info ] [ RUN ] app\manage\controller\IndexController->homeAction[ D:\upupw\aliveHouse\application\manage\controller\IndexController.php ]
[ info ] [ SESSION ] INIT array (
  'id' => '',
  'var_session_id' => '',
  'prefix' => 'think',
  'type' => '',
  'auto_start' => true,
)
[ info ] [ VIEW ] D:\upupw\aliveHouse\public/../application/manage\view\index\home.html [ array (
  0 => 'meta_title',
) ]
[ info ] [ LOG ] INIT File

---------------------------------------------------------------
[ 2017-05-24T17:23:23+08:00 ] 127.0.0.1 127.0.0.1 GET /
[ log ] www.alivehouse.com/ [运行时间：0.104006s][吞吐率：9.61req/s] [内存消耗：505.02kb] [文件加载：55]
[ info ] [ LANG ] D:\upupw\aliveHouse\thinkphp\lang\zh-cn.php
[ info ] [ ROUTE ] array (
  'type' => 'module',
  'module' => 
  array (
    0 => '',
    1 => NULL,
    2 => NULL,
  ),
)
[ info ] [ HEADER ] array (
  'host' => 'www.alivehouse.com',
  'connection' => 'keep-alive',
  'cache-control' => 'max-age=0',
  'upgrade-insecure-requests' => '1',
  'user-agent' => 'Mozilla/5.0 (Windows NT 6.1; Win64; x64) AppleWebKit/537.36 (KHTML, like Gecko) Chrome/57.0.2987.98 Safari/537.36',
  'accept' => 'text/html,application/xhtml+xml,application/xml;q=0.9,image/webp,*/*;q=0.8',
  'accept-encoding' => 'gzip, deflate, sdch',
  'accept-language' => 'zh-CN,zh;q=0.8',
  'cookie' => 'PHPSESSID=2m2qudu2t1ifohq0dnns549jh6',
)
[ info ] [ PARAM ] array (
)
[ info ] [ RUN ] app\manage\controller\IndexController->indexAction[ D:\upupw\aliveHouse\application\manage\controller\IndexController.php ]
[ info ] [ SESSION ] INIT array (
  'id' => '',
  'var_session_id' => '',
  'prefix' => 'think',
  'type' => '',
  'auto_start' => true,
)
[ info ] [ VIEW ] D:\upupw\aliveHouse\public/../application/manage\view\index\index.html [ array (
  0 => 'DEFAULT_URL',
  1 => 'meta_title',
) ]
[ info ] [ DB ] INIT mysql
[ info ] [ CACHE ] INIT File
[ info ] [ LOG ] INIT File
[ sql ] [ DB ] CONNECT:[ UseTime:0.010000s ] mysql:dbname=ah_alivehouse;host=127.0.0.1;port=3306;charset=utf8
[ sql ] [ SQL ] SHOW COLUMNS FROM `ah_back_menu` [ RunTime:0.007001s ]
[ sql ] [ SQL ] SELECT * FROM `ah_back_menu` LIMIT 1 [ RunTime:0.000000s ]
[ sql ] [ SQL ] SELECT `id`,`name`,`parent`,`route`,`order`,`type`,`data` FROM `ah_back_menu` WHERE  `type` = '1' ORDER BY id asc [ RunTime:0.000000s ]
[ sql ] [ SQL ] SELECT * FROM `ah_back_menu` LIMIT 1 [ RunTime:0.000000s ]
[ sql ] [ SQL ] SELECT `id` FROM `ah_back_menu` WHERE  `type` = '1' ORDER BY id asc [ RunTime:0.000000s ]

---------------------------------------------------------------
[ 2017-05-24T17:23:23+08:00 ] 127.0.0.1 127.0.0.1 GET /manage/index/nav
[ log ] www.alivehouse.com/manage/index/nav [运行时间：0.076004s][吞吐率：13.16req/s] [内存消耗：447.38kb] [文件加载：52]
[ info ] [ LANG ] D:\upupw\aliveHouse\thinkphp\lang\zh-cn.php
[ info ] [ ROUTE ] array (
  'type' => 'module',
  'module' => 
  array (
    0 => 'manage',
    1 => 'index',
    2 => 'nav',
  ),
)
[ info ] [ HEADER ] array (
  'host' => 'www.alivehouse.com',
  'connection' => 'keep-alive',
  'accept' => 'application/json, text/javascript, */*; q=0.01',
  'x-requested-with' => 'XMLHttpRequest',
  'user-agent' => 'Mozilla/5.0 (Windows NT 6.1; Win64; x64) AppleWebKit/537.36 (KHTML, like Gecko) Chrome/57.0.2987.98 Safari/537.36',
  'referer' => 'http://www.alivehouse.com/',
  'accept-encoding' => 'gzip, deflate, sdch',
  'accept-language' => 'zh-CN,zh;q=0.8',
  'cookie' => 'PHPSESSID=2m2qudu2t1ifohq0dnns549jh6',
)
[ info ] [ PARAM ] array (
)
[ info ] [ RUN ] app\manage\controller\IndexController->navAction[ D:\upupw\aliveHouse\application\manage\controller\IndexController.php ]
[ info ] [ DB ] INIT mysql
[ info ] [ CACHE ] INIT File
[ info ] [ SESSION ] INIT array (
  'id' => '',
  'var_session_id' => '',
  'prefix' => 'think',
  'type' => '',
  'auto_start' => true,
)
[ info ] [ LOG ] INIT File
[ sql ] [ DB ] CONNECT:[ UseTime:0.010001s ] mysql:dbname=ah_alivehouse;host=127.0.0.1;port=3306;charset=utf8
[ sql ] [ SQL ] SHOW COLUMNS FROM `ah_back_menu` [ RunTime:0.006000s ]
[ sql ] [ SQL ] SELECT * FROM `ah_back_menu` LIMIT 1 [ RunTime:0.001000s ]
[ sql ] [ SQL ] SELECT `id`,`name`,`parent`,`route`,`order`,`type`,`data` FROM `ah_back_menu` WHERE  `type` = '1' ORDER BY id asc [ RunTime:0.001000s ]
[ sql ] [ SQL ] SELECT * FROM `ah_back_menu` LIMIT 1 [ RunTime:0.000000s ]
[ sql ] [ SQL ] SELECT `id` FROM `ah_back_menu` WHERE  `type` = '1' ORDER BY id asc [ RunTime:0.000000s ]

---------------------------------------------------------------
[ 2017-05-24T17:23:23+08:00 ] 127.0.0.1 127.0.0.1 GET /manage/index/home.html?iframe=true
[ log ] www.alivehouse.com/manage/index/home.html?iframe=true [运行时间：0.040003s][吞吐率：25.00req/s] [内存消耗：182.78kb] [文件加载：36]
[ info ] [ LANG ] D:\upupw\aliveHouse\thinkphp\lang\zh-cn.php
[ info ] [ ROUTE ] array (
  'type' => 'module',
  'module' => 
  array (
    0 => 'manage',
    1 => 'index',
    2 => 'home',
  ),
)
[ info ] [ HEADER ] array (
  'host' => 'www.alivehouse.com',
  'connection' => 'keep-alive',
  'upgrade-insecure-requests' => '1',
  'user-agent' => 'Mozilla/5.0 (Windows NT 6.1; Win64; x64) AppleWebKit/537.36 (KHTML, like Gecko) Chrome/57.0.2987.98 Safari/537.36',
  'accept' => 'text/html,application/xhtml+xml,application/xml;q=0.9,image/webp,*/*;q=0.8',
  'referer' => 'http://www.alivehouse.com/',
  'accept-encoding' => 'gzip, deflate, sdch',
  'accept-language' => 'zh-CN,zh;q=0.8',
  'cookie' => 'PHPSESSID=2m2qudu2t1ifohq0dnns549jh6',
)
[ info ] [ PARAM ] array (
  'iframe' => 'true',
)
[ info ] [ RUN ] app\manage\controller\IndexController->homeAction[ D:\upupw\aliveHouse\application\manage\controller\IndexController.php ]
[ info ] [ SESSION ] INIT array (
  'id' => '',
  'var_session_id' => '',
  'prefix' => 'think',
  'type' => '',
  'auto_start' => true,
)
[ info ] [ VIEW ] D:\upupw\aliveHouse\public/../application/manage\view\index\home.html [ array (
  0 => 'meta_title',
) ]
[ info ] [ LOG ] INIT File

---------------------------------------------------------------
[ 2017-05-24T17:29:00+08:00 ] 127.0.0.1 127.0.0.1 GET /
[ log ] www.alivehouse.com/ [运行时间：0.095006s][吞吐率：10.53req/s] [内存消耗：464.26kb] [文件加载：53]
[ info ] [ LANG ] D:\upupw\aliveHouse\thinkphp\lang\zh-cn.php
[ info ] [ ROUTE ] array (
  'type' => 'module',
  'module' => 
  array (
    0 => '',
    1 => NULL,
    2 => NULL,
  ),
)
[ info ] [ HEADER ] array (
  'host' => 'www.alivehouse.com',
  'connection' => 'keep-alive',
  'cache-control' => 'max-age=0',
  'upgrade-insecure-requests' => '1',
  'user-agent' => 'Mozilla/5.0 (Windows NT 6.1; Win64; x64) AppleWebKit/537.36 (KHTML, like Gecko) Chrome/57.0.2987.98 Safari/537.36',
  'accept' => 'text/html,application/xhtml+xml,application/xml;q=0.9,image/webp,*/*;q=0.8',
  'accept-encoding' => 'gzip, deflate, sdch',
  'accept-language' => 'zh-CN,zh;q=0.8',
  'cookie' => 'PHPSESSID=2m2qudu2t1ifohq0dnns549jh6',
)
[ info ] [ PARAM ] array (
)
[ info ] [ RUN ] app\manage\controller\IndexController->indexAction[ D:\upupw\aliveHouse\application\manage\controller\IndexController.php ]
[ info ] [ SESSION ] INIT array (
  'id' => '',
  'var_session_id' => '',
  'prefix' => 'think',
  'type' => '',
  'auto_start' => true,
)
[ info ] [ VIEW ] D:\upupw\aliveHouse\public/../application/manage\view\index\index.html [ array (
  0 => 'DEFAULT_URL',
  1 => 'meta_title',
) ]
[ info ] [ DB ] INIT mysql
[ info ] [ CACHE ] INIT File
[ info ] [ LOG ] INIT File
[ sql ] [ DB ] CONNECT:[ UseTime:0.000000s ] mysql:dbname=ah_alivehouse;host=127.0.0.1;port=3306;charset=utf8
[ sql ] [ SQL ] SHOW COLUMNS FROM `ah_back_menu` [ RunTime:0.006001s ]
[ sql ] [ SQL ] SELECT * FROM `ah_back_menu` LIMIT 1 [ RunTime:0.000000s ]
[ sql ] [ SQL ] SELECT `id`,`name`,`parent`,`route`,`order`,`type`,`data` FROM `ah_back_menu` WHERE  `type` = '1' ORDER BY id asc [ RunTime:0.000000s ]
[ sql ] [ SQL ] SELECT * FROM `ah_back_menu` LIMIT 1 [ RunTime:0.000000s ]
[ sql ] [ SQL ] SELECT `id` FROM `ah_back_menu` WHERE  `type` = '1' ORDER BY id asc [ RunTime:0.001000s ]

---------------------------------------------------------------
[ 2017-05-24T17:29:00+08:00 ] 127.0.0.1 127.0.0.1 GET /manage/index/nav
[ log ] www.alivehouse.com/manage/index/nav [运行时间：0.065003s][吞吐率：15.38req/s] [内存消耗：447.38kb] [文件加载：52]
[ info ] [ LANG ] D:\upupw\aliveHouse\thinkphp\lang\zh-cn.php
[ info ] [ ROUTE ] array (
  'type' => 'module',
  'module' => 
  array (
    0 => 'manage',
    1 => 'index',
    2 => 'nav',
  ),
)
[ info ] [ HEADER ] array (
  'host' => 'www.alivehouse.com',
  'connection' => 'keep-alive',
  'accept' => 'application/json, text/javascript, */*; q=0.01',
  'x-requested-with' => 'XMLHttpRequest',
  'user-agent' => 'Mozilla/5.0 (Windows NT 6.1; Win64; x64) AppleWebKit/537.36 (KHTML, like Gecko) Chrome/57.0.2987.98 Safari/537.36',
  'referer' => 'http://www.alivehouse.com/',
  'accept-encoding' => 'gzip, deflate, sdch',
  'accept-language' => 'zh-CN,zh;q=0.8',
  'cookie' => 'PHPSESSID=2m2qudu2t1ifohq0dnns549jh6',
)
[ info ] [ PARAM ] array (
)
[ info ] [ RUN ] app\manage\controller\IndexController->navAction[ D:\upupw\aliveHouse\application\manage\controller\IndexController.php ]
[ info ] [ DB ] INIT mysql
[ info ] [ CACHE ] INIT File
[ info ] [ SESSION ] INIT array (
  'id' => '',
  'var_session_id' => '',
  'prefix' => 'think',
  'type' => '',
  'auto_start' => true,
)
[ info ] [ LOG ] INIT File
[ sql ] [ DB ] CONNECT:[ UseTime:0.000000s ] mysql:dbname=ah_alivehouse;host=127.0.0.1;port=3306;charset=utf8
[ sql ] [ SQL ] SHOW COLUMNS FROM `ah_back_menu` [ RunTime:0.006000s ]
[ sql ] [ SQL ] SELECT * FROM `ah_back_menu` LIMIT 1 [ RunTime:0.000000s ]
[ sql ] [ SQL ] SELECT `id`,`name`,`parent`,`route`,`order`,`type`,`data` FROM `ah_back_menu` WHERE  `type` = '1' ORDER BY id asc [ RunTime:0.000000s ]
[ sql ] [ SQL ] SELECT * FROM `ah_back_menu` LIMIT 1 [ RunTime:0.001000s ]
[ sql ] [ SQL ] SELECT `id` FROM `ah_back_menu` WHERE  `type` = '1' ORDER BY id asc [ RunTime:0.000000s ]

---------------------------------------------------------------
[ 2017-05-24T17:29:01+08:00 ] 127.0.0.1 127.0.0.1 GET /manage/index/home.html?iframe=true
[ log ] www.alivehouse.com/manage/index/home.html?iframe=true [运行时间：0.044003s][吞吐率：22.73req/s] [内存消耗：182.78kb] [文件加载：36]
[ info ] [ LANG ] D:\upupw\aliveHouse\thinkphp\lang\zh-cn.php
[ info ] [ ROUTE ] array (
  'type' => 'module',
  'module' => 
  array (
    0 => 'manage',
    1 => 'index',
    2 => 'home',
  ),
)
[ info ] [ HEADER ] array (
  'host' => 'www.alivehouse.com',
  'connection' => 'keep-alive',
  'upgrade-insecure-requests' => '1',
  'user-agent' => 'Mozilla/5.0 (Windows NT 6.1; Win64; x64) AppleWebKit/537.36 (KHTML, like Gecko) Chrome/57.0.2987.98 Safari/537.36',
  'accept' => 'text/html,application/xhtml+xml,application/xml;q=0.9,image/webp,*/*;q=0.8',
  'referer' => 'http://www.alivehouse.com/',
  'accept-encoding' => 'gzip, deflate, sdch',
  'accept-language' => 'zh-CN,zh;q=0.8',
  'cookie' => 'PHPSESSID=2m2qudu2t1ifohq0dnns549jh6',
)
[ info ] [ PARAM ] array (
  'iframe' => 'true',
)
[ info ] [ RUN ] app\manage\controller\IndexController->homeAction[ D:\upupw\aliveHouse\application\manage\controller\IndexController.php ]
[ info ] [ SESSION ] INIT array (
  'id' => '',
  'var_session_id' => '',
  'prefix' => 'think',
  'type' => '',
  'auto_start' => true,
)
[ info ] [ VIEW ] D:\upupw\aliveHouse\public/../application/manage\view\index\home.html [ array (
  0 => 'meta_title',
) ]
[ info ] [ LOG ] INIT File

---------------------------------------------------------------
[ 2017-05-24T17:29:04+08:00 ] 127.0.0.1 127.0.0.1 GET /
[ log ] www.alivehouse.com/ [运行时间：0.088005s][吞吐率：11.36req/s] [内存消耗：463.85kb] [文件加载：53]
[ info ] [ LANG ] D:\upupw\aliveHouse\thinkphp\lang\zh-cn.php
[ info ] [ ROUTE ] array (
  'type' => 'module',
  'module' => 
  array (
    0 => '',
    1 => NULL,
    2 => NULL,
  ),
)
[ info ] [ HEADER ] array (
  'host' => 'www.alivehouse.com',
  'connection' => 'keep-alive',
  'cache-control' => 'max-age=0',
  'upgrade-insecure-requests' => '1',
  'user-agent' => 'Mozilla/5.0 (Windows NT 6.1; Win64; x64) AppleWebKit/537.36 (KHTML, like Gecko) Chrome/57.0.2987.98 Safari/537.36',
  'accept' => 'text/html,application/xhtml+xml,application/xml;q=0.9,image/webp,*/*;q=0.8',
  'accept-encoding' => 'gzip, deflate, sdch',
  'accept-language' => 'zh-CN,zh;q=0.8',
  'cookie' => 'PHPSESSID=2m2qudu2t1ifohq0dnns549jh6',
)
[ info ] [ PARAM ] array (
)
[ info ] [ RUN ] app\manage\controller\IndexController->indexAction[ D:\upupw\aliveHouse\application\manage\controller\IndexController.php ]
[ info ] [ SESSION ] INIT array (
  'id' => '',
  'var_session_id' => '',
  'prefix' => 'think',
  'type' => '',
  'auto_start' => true,
)
[ info ] [ VIEW ] D:\upupw\aliveHouse\public/../application/manage\view\index\index.html [ array (
  0 => 'DEFAULT_URL',
  1 => 'meta_title',
) ]
[ info ] [ DB ] INIT mysql
[ info ] [ CACHE ] INIT File
[ info ] [ LOG ] INIT File
[ sql ] [ DB ] CONNECT:[ UseTime:0.000000s ] mysql:dbname=ah_alivehouse;host=127.0.0.1;port=3306;charset=utf8
[ sql ] [ SQL ] SHOW COLUMNS FROM `ah_back_menu` [ RunTime:0.005000s ]
[ sql ] [ SQL ] SELECT * FROM `ah_back_menu` LIMIT 1 [ RunTime:0.000000s ]
[ sql ] [ SQL ] SELECT `id`,`name`,`parent`,`route`,`order`,`type`,`data` FROM `ah_back_menu` WHERE  `type` = '1' ORDER BY id asc [ RunTime:0.001000s ]
[ sql ] [ SQL ] SELECT * FROM `ah_back_menu` LIMIT 1 [ RunTime:0.000000s ]
[ sql ] [ SQL ] SELECT `id` FROM `ah_back_menu` WHERE  `type` = '1' ORDER BY id asc [ RunTime:0.000000s ]

---------------------------------------------------------------
[ 2017-05-24T17:29:04+08:00 ] 127.0.0.1 127.0.0.1 GET /manage/index/nav
[ log ] www.alivehouse.com/manage/index/nav [运行时间：0.065004s][吞吐率：15.38req/s] [内存消耗：447.38kb] [文件加载：52]
[ info ] [ LANG ] D:\upupw\aliveHouse\thinkphp\lang\zh-cn.php
[ info ] [ ROUTE ] array (
  'type' => 'module',
  'module' => 
  array (
    0 => 'manage',
    1 => 'index',
    2 => 'nav',
  ),
)
[ info ] [ HEADER ] array (
  'host' => 'www.alivehouse.com',
  'connection' => 'keep-alive',
  'accept' => 'application/json, text/javascript, */*; q=0.01',
  'x-requested-with' => 'XMLHttpRequest',
  'user-agent' => 'Mozilla/5.0 (Windows NT 6.1; Win64; x64) AppleWebKit/537.36 (KHTML, like Gecko) Chrome/57.0.2987.98 Safari/537.36',
  'referer' => 'http://www.alivehouse.com/',
  'accept-encoding' => 'gzip, deflate, sdch',
  'accept-language' => 'zh-CN,zh;q=0.8',
  'cookie' => 'PHPSESSID=2m2qudu2t1ifohq0dnns549jh6',
)
[ info ] [ PARAM ] array (
)
[ info ] [ RUN ] app\manage\controller\IndexController->navAction[ D:\upupw\aliveHouse\application\manage\controller\IndexController.php ]
[ info ] [ DB ] INIT mysql
[ info ] [ CACHE ] INIT File
[ info ] [ SESSION ] INIT array (
  'id' => '',
  'var_session_id' => '',
  'prefix' => 'think',
  'type' => '',
  'auto_start' => true,
)
[ info ] [ LOG ] INIT File
[ sql ] [ DB ] CONNECT:[ UseTime:0.001000s ] mysql:dbname=ah_alivehouse;host=127.0.0.1;port=3306;charset=utf8
[ sql ] [ SQL ] SHOW COLUMNS FROM `ah_back_menu` [ RunTime:0.004000s ]
[ sql ] [ SQL ] SELECT * FROM `ah_back_menu` LIMIT 1 [ RunTime:0.000000s ]
[ sql ] [ SQL ] SELECT `id`,`name`,`parent`,`route`,`order`,`type`,`data` FROM `ah_back_menu` WHERE  `type` = '1' ORDER BY id asc [ RunTime:0.000000s ]
[ sql ] [ SQL ] SELECT * FROM `ah_back_menu` LIMIT 1 [ RunTime:0.000000s ]
[ sql ] [ SQL ] SELECT `id` FROM `ah_back_menu` WHERE  `type` = '1' ORDER BY id asc [ RunTime:0.001000s ]

---------------------------------------------------------------
[ 2017-05-24T17:29:04+08:00 ] 127.0.0.1 127.0.0.1 GET /manage/index/home.html?iframe=true
[ log ] www.alivehouse.com/manage/index/home.html?iframe=true [运行时间：0.041002s][吞吐率：24.39req/s] [内存消耗：182.78kb] [文件加载：36]
[ info ] [ LANG ] D:\upupw\aliveHouse\thinkphp\lang\zh-cn.php
[ info ] [ ROUTE ] array (
  'type' => 'module',
  'module' => 
  array (
    0 => 'manage',
    1 => 'index',
    2 => 'home',
  ),
)
[ info ] [ HEADER ] array (
  'host' => 'www.alivehouse.com',
  'connection' => 'keep-alive',
  'upgrade-insecure-requests' => '1',
  'user-agent' => 'Mozilla/5.0 (Windows NT 6.1; Win64; x64) AppleWebKit/537.36 (KHTML, like Gecko) Chrome/57.0.2987.98 Safari/537.36',
  'accept' => 'text/html,application/xhtml+xml,application/xml;q=0.9,image/webp,*/*;q=0.8',
  'referer' => 'http://www.alivehouse.com/',
  'accept-encoding' => 'gzip, deflate, sdch',
  'accept-language' => 'zh-CN,zh;q=0.8',
  'cookie' => 'PHPSESSID=2m2qudu2t1ifohq0dnns549jh6',
)
[ info ] [ PARAM ] array (
  'iframe' => 'true',
)
[ info ] [ RUN ] app\manage\controller\IndexController->homeAction[ D:\upupw\aliveHouse\application\manage\controller\IndexController.php ]
[ info ] [ SESSION ] INIT array (
  'id' => '',
  'var_session_id' => '',
  'prefix' => 'think',
  'type' => '',
  'auto_start' => true,
)
[ info ] [ VIEW ] D:\upupw\aliveHouse\public/../application/manage\view\index\home.html [ array (
  0 => 'meta_title',
) ]
[ info ] [ LOG ] INIT File

---------------------------------------------------------------
[ 2017-05-24T17:29:28+08:00 ] 127.0.0.1 127.0.0.1 GET /
[ log ] www.alivehouse.com/ [运行时间：0.080004s][吞吐率：12.50req/s] [内存消耗：463.85kb] [文件加载：53]
[ info ] [ LANG ] D:\upupw\aliveHouse\thinkphp\lang\zh-cn.php
[ info ] [ ROUTE ] array (
  'type' => 'module',
  'module' => 
  array (
    0 => '',
    1 => NULL,
    2 => NULL,
  ),
)
[ info ] [ HEADER ] array (
  'host' => 'www.alivehouse.com',
  'connection' => 'keep-alive',
  'cache-control' => 'max-age=0',
  'upgrade-insecure-requests' => '1',
  'user-agent' => 'Mozilla/5.0 (Windows NT 6.1; Win64; x64) AppleWebKit/537.36 (KHTML, like Gecko) Chrome/57.0.2987.98 Safari/537.36',
  'accept' => 'text/html,application/xhtml+xml,application/xml;q=0.9,image/webp,*/*;q=0.8',
  'accept-encoding' => 'gzip, deflate, sdch',
  'accept-language' => 'zh-CN,zh;q=0.8',
  'cookie' => 'PHPSESSID=2m2qudu2t1ifohq0dnns549jh6',
)
[ info ] [ PARAM ] array (
)
[ info ] [ RUN ] app\manage\controller\IndexController->indexAction[ D:\upupw\aliveHouse\application\manage\controller\IndexController.php ]
[ info ] [ SESSION ] INIT array (
  'id' => '',
  'var_session_id' => '',
  'prefix' => 'think',
  'type' => '',
  'auto_start' => true,
)
[ info ] [ VIEW ] D:\upupw\aliveHouse\public/../application/manage\view\index\index.html [ array (
  0 => 'DEFAULT_URL',
  1 => 'meta_title',
) ]
[ info ] [ DB ] INIT mysql
[ info ] [ CACHE ] INIT File
[ info ] [ LOG ] INIT File
[ sql ] [ DB ] CONNECT:[ UseTime:0.001000s ] mysql:dbname=ah_alivehouse;host=127.0.0.1;port=3306;charset=utf8
[ sql ] [ SQL ] SHOW COLUMNS FROM `ah_back_menu` [ RunTime:0.005000s ]
[ sql ] [ SQL ] SELECT * FROM `ah_back_menu` LIMIT 1 [ RunTime:0.000000s ]
[ sql ] [ SQL ] SELECT `id`,`name`,`parent`,`route`,`order`,`type`,`data` FROM `ah_back_menu` WHERE  `type` = '1' ORDER BY id asc [ RunTime:0.001000s ]
[ sql ] [ SQL ] SELECT * FROM `ah_back_menu` LIMIT 1 [ RunTime:0.000000s ]
[ sql ] [ SQL ] SELECT `id` FROM `ah_back_menu` WHERE  `type` = '1' ORDER BY id asc [ RunTime:0.000000s ]

---------------------------------------------------------------
[ 2017-05-24T17:29:29+08:00 ] 127.0.0.1 127.0.0.1 GET /manage/index/nav
[ log ] www.alivehouse.com/manage/index/nav [运行时间：0.065004s][吞吐率：15.38req/s] [内存消耗：447.38kb] [文件加载：52]
[ info ] [ LANG ] D:\upupw\aliveHouse\thinkphp\lang\zh-cn.php
[ info ] [ ROUTE ] array (
  'type' => 'module',
  'module' => 
  array (
    0 => 'manage',
    1 => 'index',
    2 => 'nav',
  ),
)
[ info ] [ HEADER ] array (
  'host' => 'www.alivehouse.com',
  'connection' => 'keep-alive',
  'accept' => 'application/json, text/javascript, */*; q=0.01',
  'x-requested-with' => 'XMLHttpRequest',
  'user-agent' => 'Mozilla/5.0 (Windows NT 6.1; Win64; x64) AppleWebKit/537.36 (KHTML, like Gecko) Chrome/57.0.2987.98 Safari/537.36',
  'referer' => 'http://www.alivehouse.com/',
  'accept-encoding' => 'gzip, deflate, sdch',
  'accept-language' => 'zh-CN,zh;q=0.8',
  'cookie' => 'PHPSESSID=2m2qudu2t1ifohq0dnns549jh6',
)
[ info ] [ PARAM ] array (
)
[ info ] [ RUN ] app\manage\controller\IndexController->navAction[ D:\upupw\aliveHouse\application\manage\controller\IndexController.php ]
[ info ] [ DB ] INIT mysql
[ info ] [ CACHE ] INIT File
[ info ] [ SESSION ] INIT array (
  'id' => '',
  'var_session_id' => '',
  'prefix' => 'think',
  'type' => '',
  'auto_start' => true,
)
[ info ] [ LOG ] INIT File
[ sql ] [ DB ] CONNECT:[ UseTime:0.001000s ] mysql:dbname=ah_alivehouse;host=127.0.0.1;port=3306;charset=utf8
[ sql ] [ SQL ] SHOW COLUMNS FROM `ah_back_menu` [ RunTime:0.006000s ]
[ sql ] [ SQL ] SELECT * FROM `ah_back_menu` LIMIT 1 [ RunTime:0.001000s ]
[ sql ] [ SQL ] SELECT `id`,`name`,`parent`,`route`,`order`,`type`,`data` FROM `ah_back_menu` WHERE  `type` = '1' ORDER BY id asc [ RunTime:0.000000s ]
[ sql ] [ SQL ] SELECT * FROM `ah_back_menu` LIMIT 1 [ RunTime:0.000000s ]
[ sql ] [ SQL ] SELECT `id` FROM `ah_back_menu` WHERE  `type` = '1' ORDER BY id asc [ RunTime:0.001000s ]

---------------------------------------------------------------
[ 2017-05-24T17:29:29+08:00 ] 127.0.0.1 127.0.0.1 GET /manage/index/home.html?iframe=true
[ log ] www.alivehouse.com/manage/index/home.html?iframe=true [运行时间：0.041003s][吞吐率：24.39req/s] [内存消耗：182.78kb] [文件加载：36]
[ info ] [ LANG ] D:\upupw\aliveHouse\thinkphp\lang\zh-cn.php
[ info ] [ ROUTE ] array (
  'type' => 'module',
  'module' => 
  array (
    0 => 'manage',
    1 => 'index',
    2 => 'home',
  ),
)
[ info ] [ HEADER ] array (
  'host' => 'www.alivehouse.com',
  'connection' => 'keep-alive',
  'upgrade-insecure-requests' => '1',
  'user-agent' => 'Mozilla/5.0 (Windows NT 6.1; Win64; x64) AppleWebKit/537.36 (KHTML, like Gecko) Chrome/57.0.2987.98 Safari/537.36',
  'accept' => 'text/html,application/xhtml+xml,application/xml;q=0.9,image/webp,*/*;q=0.8',
  'referer' => 'http://www.alivehouse.com/',
  'accept-encoding' => 'gzip, deflate, sdch',
  'accept-language' => 'zh-CN,zh;q=0.8',
  'cookie' => 'PHPSESSID=2m2qudu2t1ifohq0dnns549jh6',
)
[ info ] [ PARAM ] array (
  'iframe' => 'true',
)
[ info ] [ RUN ] app\manage\controller\IndexController->homeAction[ D:\upupw\aliveHouse\application\manage\controller\IndexController.php ]
[ info ] [ SESSION ] INIT array (
  'id' => '',
  'var_session_id' => '',
  'prefix' => 'think',
  'type' => '',
  'auto_start' => true,
)
[ info ] [ VIEW ] D:\upupw\aliveHouse\public/../application/manage\view\index\home.html [ array (
  0 => 'meta_title',
) ]
[ info ] [ LOG ] INIT File

---------------------------------------------------------------
[ 2017-05-24T17:29:37+08:00 ] 127.0.0.1 127.0.0.1 GET /
[ log ] www.alivehouse.com/ [运行时间：0.081004s][吞吐率：12.35req/s] [内存消耗：463.85kb] [文件加载：53]
[ info ] [ LANG ] D:\upupw\aliveHouse\thinkphp\lang\zh-cn.php
[ info ] [ ROUTE ] array (
  'type' => 'module',
  'module' => 
  array (
    0 => '',
    1 => NULL,
    2 => NULL,
  ),
)
[ info ] [ HEADER ] array (
  'host' => 'www.alivehouse.com',
  'connection' => 'keep-alive',
  'cache-control' => 'max-age=0',
  'upgrade-insecure-requests' => '1',
  'user-agent' => 'Mozilla/5.0 (Windows NT 6.1; Win64; x64) AppleWebKit/537.36 (KHTML, like Gecko) Chrome/57.0.2987.98 Safari/537.36',
  'accept' => 'text/html,application/xhtml+xml,application/xml;q=0.9,image/webp,*/*;q=0.8',
  'accept-encoding' => 'gzip, deflate, sdch',
  'accept-language' => 'zh-CN,zh;q=0.8',
  'cookie' => 'PHPSESSID=2m2qudu2t1ifohq0dnns549jh6',
)
[ info ] [ PARAM ] array (
)
[ info ] [ RUN ] app\manage\controller\IndexController->indexAction[ D:\upupw\aliveHouse\application\manage\controller\IndexController.php ]
[ info ] [ SESSION ] INIT array (
  'id' => '',
  'var_session_id' => '',
  'prefix' => 'think',
  'type' => '',
  'auto_start' => true,
)
[ info ] [ VIEW ] D:\upupw\aliveHouse\public/../application/manage\view\index\index.html [ array (
  0 => 'DEFAULT_URL',
  1 => 'meta_title',
) ]
[ info ] [ DB ] INIT mysql
[ info ] [ CACHE ] INIT File
[ info ] [ LOG ] INIT File
[ sql ] [ DB ] CONNECT:[ UseTime:0.000000s ] mysql:dbname=ah_alivehouse;host=127.0.0.1;port=3306;charset=utf8
[ sql ] [ SQL ] SHOW COLUMNS FROM `ah_back_menu` [ RunTime:0.005000s ]
[ sql ] [ SQL ] SELECT * FROM `ah_back_menu` LIMIT 1 [ RunTime:0.000000s ]
[ sql ] [ SQL ] SELECT `id`,`name`,`parent`,`route`,`order`,`type`,`data` FROM `ah_back_menu` WHERE  `type` = '1' ORDER BY id asc [ RunTime:0.001000s ]
[ sql ] [ SQL ] SELECT * FROM `ah_back_menu` LIMIT 1 [ RunTime:0.000000s ]
[ sql ] [ SQL ] SELECT `id` FROM `ah_back_menu` WHERE  `type` = '1' ORDER BY id asc [ RunTime:0.000000s ]

---------------------------------------------------------------
[ 2017-05-24T17:29:37+08:00 ] 127.0.0.1 127.0.0.1 GET /manage/index/nav
[ log ] www.alivehouse.com/manage/index/nav [运行时间：0.074005s][吞吐率：13.51req/s] [内存消耗：447.38kb] [文件加载：52]
[ info ] [ LANG ] D:\upupw\aliveHouse\thinkphp\lang\zh-cn.php
[ info ] [ ROUTE ] array (
  'type' => 'module',
  'module' => 
  array (
    0 => 'manage',
    1 => 'index',
    2 => 'nav',
  ),
)
[ info ] [ HEADER ] array (
  'host' => 'www.alivehouse.com',
  'connection' => 'keep-alive',
  'accept' => 'application/json, text/javascript, */*; q=0.01',
  'x-requested-with' => 'XMLHttpRequest',
  'user-agent' => 'Mozilla/5.0 (Windows NT 6.1; Win64; x64) AppleWebKit/537.36 (KHTML, like Gecko) Chrome/57.0.2987.98 Safari/537.36',
  'referer' => 'http://www.alivehouse.com/',
  'accept-encoding' => 'gzip, deflate, sdch',
  'accept-language' => 'zh-CN,zh;q=0.8',
  'cookie' => 'PHPSESSID=2m2qudu2t1ifohq0dnns549jh6',
)
[ info ] [ PARAM ] array (
)
[ info ] [ RUN ] app\manage\controller\IndexController->navAction[ D:\upupw\aliveHouse\application\manage\controller\IndexController.php ]
[ info ] [ DB ] INIT mysql
[ info ] [ CACHE ] INIT File
[ info ] [ SESSION ] INIT array (
  'id' => '',
  'var_session_id' => '',
  'prefix' => 'think',
  'type' => '',
  'auto_start' => true,
)
[ info ] [ LOG ] INIT File
[ sql ] [ DB ] CONNECT:[ UseTime:0.011000s ] mysql:dbname=ah_alivehouse;host=127.0.0.1;port=3306;charset=utf8
[ sql ] [ SQL ] SHOW COLUMNS FROM `ah_back_menu` [ RunTime:0.005000s ]
[ sql ] [ SQL ] SELECT * FROM `ah_back_menu` LIMIT 1 [ RunTime:0.000000s ]
[ sql ] [ SQL ] SELECT `id`,`name`,`parent`,`route`,`order`,`type`,`data` FROM `ah_back_menu` WHERE  `type` = '1' ORDER BY id asc [ RunTime:0.000000s ]
[ sql ] [ SQL ] SELECT * FROM `ah_back_menu` LIMIT 1 [ RunTime:0.000000s ]
[ sql ] [ SQL ] SELECT `id` FROM `ah_back_menu` WHERE  `type` = '1' ORDER BY id asc [ RunTime:0.001000s ]

---------------------------------------------------------------
[ 2017-05-24T17:29:37+08:00 ] 127.0.0.1 127.0.0.1 GET /manage/index/home.html?iframe=true
[ log ] www.alivehouse.com/manage/index/home.html?iframe=true [运行时间：0.040003s][吞吐率：25.00req/s] [内存消耗：182.78kb] [文件加载：36]
[ info ] [ LANG ] D:\upupw\aliveHouse\thinkphp\lang\zh-cn.php
[ info ] [ ROUTE ] array (
  'type' => 'module',
  'module' => 
  array (
    0 => 'manage',
    1 => 'index',
    2 => 'home',
  ),
)
[ info ] [ HEADER ] array (
  'host' => 'www.alivehouse.com',
  'connection' => 'keep-alive',
  'upgrade-insecure-requests' => '1',
  'user-agent' => 'Mozilla/5.0 (Windows NT 6.1; Win64; x64) AppleWebKit/537.36 (KHTML, like Gecko) Chrome/57.0.2987.98 Safari/537.36',
  'accept' => 'text/html,application/xhtml+xml,application/xml;q=0.9,image/webp,*/*;q=0.8',
  'referer' => 'http://www.alivehouse.com/',
  'accept-encoding' => 'gzip, deflate, sdch',
  'accept-language' => 'zh-CN,zh;q=0.8',
  'cookie' => 'PHPSESSID=2m2qudu2t1ifohq0dnns549jh6',
)
[ info ] [ PARAM ] array (
  'iframe' => 'true',
)
[ info ] [ RUN ] app\manage\controller\IndexController->homeAction[ D:\upupw\aliveHouse\application\manage\controller\IndexController.php ]
[ info ] [ SESSION ] INIT array (
  'id' => '',
  'var_session_id' => '',
  'prefix' => 'think',
  'type' => '',
  'auto_start' => true,
)
[ info ] [ VIEW ] D:\upupw\aliveHouse\public/../application/manage\view\index\home.html [ array (
  0 => 'meta_title',
) ]
[ info ] [ LOG ] INIT File

---------------------------------------------------------------
[ 2017-05-24T18:17:28+08:00 ] 127.0.0.1 127.0.0.1 GET /
[ log ] www.alivehouse.com/ [运行时间：0.093006s][吞吐率：10.75req/s] [内存消耗：464.95kb] [文件加载：53]
[ info ] [ LANG ] D:\upupw\aliveHouse\thinkphp\lang\zh-cn.php
[ info ] [ ROUTE ] array (
  'type' => 'module',
  'module' => 
  array (
    0 => '',
    1 => NULL,
    2 => NULL,
  ),
)
[ info ] [ HEADER ] array (
  'host' => 'www.alivehouse.com',
  'connection' => 'keep-alive',
  'cache-control' => 'max-age=0',
  'upgrade-insecure-requests' => '1',
  'user-agent' => 'Mozilla/5.0 (Windows NT 6.1; Win64; x64) AppleWebKit/537.36 (KHTML, like Gecko) Chrome/57.0.2987.98 Safari/537.36',
  'accept' => 'text/html,application/xhtml+xml,application/xml;q=0.9,image/webp,*/*;q=0.8',
  'accept-encoding' => 'gzip, deflate, sdch',
  'accept-language' => 'zh-CN,zh;q=0.8',
  'cookie' => 'PHPSESSID=2m2qudu2t1ifohq0dnns549jh6',
)
[ info ] [ PARAM ] array (
)
[ info ] [ RUN ] app\manage\controller\IndexController->indexAction[ D:\upupw\aliveHouse\application\manage\controller\IndexController.php ]
[ info ] [ SESSION ] INIT array (
  'id' => '',
  'var_session_id' => '',
  'prefix' => 'think',
  'type' => '',
  'auto_start' => true,
)
[ info ] [ VIEW ] D:\upupw\aliveHouse\public/../application/manage\view\index\index.html [ array (
  0 => 'DEFAULT_URL',
  1 => 'meta_title',
) ]
[ info ] [ DB ] INIT mysql
[ info ] [ CACHE ] INIT File
[ info ] [ LOG ] INIT File
[ sql ] [ DB ] CONNECT:[ UseTime:0.010000s ] mysql:dbname=ah_alivehouse;host=127.0.0.1;port=3306;charset=utf8
[ sql ] [ SQL ] SHOW COLUMNS FROM `ah_back_menu` [ RunTime:0.005000s ]
[ sql ] [ SQL ] SELECT * FROM `ah_back_menu` LIMIT 1 [ RunTime:0.001000s ]
[ sql ] [ SQL ] SELECT `id`,`name`,`parent`,`route`,`order`,`type`,`data` FROM `ah_back_menu` WHERE  `type` = '1' ORDER BY id asc [ RunTime:0.001000s ]
[ sql ] [ SQL ] SELECT * FROM `ah_back_menu` LIMIT 1 [ RunTime:0.000000s ]
[ sql ] [ SQL ] SELECT `id` FROM `ah_back_menu` WHERE  `type` = '1' ORDER BY id asc [ RunTime:0.001000s ]

---------------------------------------------------------------
[ 2017-05-24T18:17:29+08:00 ] 127.0.0.1 127.0.0.1 GET /manage/index/nav
[ log ] www.alivehouse.com/manage/index/nav [运行时间：0.073004s][吞吐率：13.70req/s] [内存消耗：447.38kb] [文件加载：52]
[ info ] [ LANG ] D:\upupw\aliveHouse\thinkphp\lang\zh-cn.php
[ info ] [ ROUTE ] array (
  'type' => 'module',
  'module' => 
  array (
    0 => 'manage',
    1 => 'index',
    2 => 'nav',
  ),
)
[ info ] [ HEADER ] array (
  'host' => 'www.alivehouse.com',
  'connection' => 'keep-alive',
  'accept' => 'application/json, text/javascript, */*; q=0.01',
  'x-requested-with' => 'XMLHttpRequest',
  'user-agent' => 'Mozilla/5.0 (Windows NT 6.1; Win64; x64) AppleWebKit/537.36 (KHTML, like Gecko) Chrome/57.0.2987.98 Safari/537.36',
  'referer' => 'http://www.alivehouse.com/',
  'accept-encoding' => 'gzip, deflate, sdch',
  'accept-language' => 'zh-CN,zh;q=0.8',
  'cookie' => 'PHPSESSID=2m2qudu2t1ifohq0dnns549jh6',
)
[ info ] [ PARAM ] array (
)
[ info ] [ RUN ] app\manage\controller\IndexController->navAction[ D:\upupw\aliveHouse\application\manage\controller\IndexController.php ]
[ info ] [ DB ] INIT mysql
[ info ] [ CACHE ] INIT File
[ info ] [ SESSION ] INIT array (
  'id' => '',
  'var_session_id' => '',
  'prefix' => 'think',
  'type' => '',
  'auto_start' => true,
)
[ info ] [ LOG ] INIT File
[ sql ] [ DB ] CONNECT:[ UseTime:0.010001s ] mysql:dbname=ah_alivehouse;host=127.0.0.1;port=3306;charset=utf8
[ sql ] [ SQL ] SHOW COLUMNS FROM `ah_back_menu` [ RunTime:0.005000s ]
[ sql ] [ SQL ] SELECT * FROM `ah_back_menu` LIMIT 1 [ RunTime:0.001000s ]
[ sql ] [ SQL ] SELECT `id`,`name`,`parent`,`route`,`order`,`type`,`data` FROM `ah_back_menu` WHERE  `type` = '1' ORDER BY id asc [ RunTime:0.001000s ]
[ sql ] [ SQL ] SELECT * FROM `ah_back_menu` LIMIT 1 [ RunTime:0.000000s ]
[ sql ] [ SQL ] SELECT `id` FROM `ah_back_menu` WHERE  `type` = '1' ORDER BY id asc [ RunTime:0.000000s ]

---------------------------------------------------------------
[ 2017-05-24T18:17:29+08:00 ] 127.0.0.1 127.0.0.1 GET /manage/index/home.html?iframe=true
[ log ] www.alivehouse.com/manage/index/home.html?iframe=true [运行时间：0.044003s][吞吐率：22.73req/s] [内存消耗：195.95kb] [文件加载：38]
[ info ] [ LANG ] D:\upupw\aliveHouse\thinkphp\lang\zh-cn.php
[ info ] [ ROUTE ] array (
  'type' => 'module',
  'module' => 
  array (
    0 => 'manage',
    1 => 'index',
    2 => 'home',
  ),
)
[ info ] [ HEADER ] array (
  'host' => 'www.alivehouse.com',
  'connection' => 'keep-alive',
  'upgrade-insecure-requests' => '1',
  'user-agent' => 'Mozilla/5.0 (Windows NT 6.1; Win64; x64) AppleWebKit/537.36 (KHTML, like Gecko) Chrome/57.0.2987.98 Safari/537.36',
  'accept' => 'text/html,application/xhtml+xml,application/xml;q=0.9,image/webp,*/*;q=0.8',
  'referer' => 'http://www.alivehouse.com/',
  'accept-encoding' => 'gzip, deflate, sdch',
  'accept-language' => 'zh-CN,zh;q=0.8',
  'cookie' => 'PHPSESSID=2m2qudu2t1ifohq0dnns549jh6',
)
[ info ] [ PARAM ] array (
  'iframe' => 'true',
)
[ info ] [ RUN ] app\manage\controller\IndexController->homeAction[ D:\upupw\aliveHouse\application\manage\controller\IndexController.php ]
[ info ] [ SESSION ] INIT array (
  'id' => '',
  'var_session_id' => '',
  'prefix' => 'think',
  'type' => '',
  'auto_start' => true,
)
[ info ] [ VIEW ] D:\upupw\aliveHouse\public/../application/manage\view\index\home.html [ array (
  0 => 'meta_title',
) ]
[ info ] [ LOG ] INIT File

---------------------------------------------------------------
[ 2017-05-24T18:17:33+08:00 ] 127.0.0.1 127.0.0.1 GET /manage/settings/message.html?iframe=true
[ log ] www.alivehouse.com/manage/settings/message.html?iframe=true [运行时间：0.048003s][吞吐率：20.83req/s] [内存消耗：127.37kb] [文件加载：28]
[ info ] [ LANG ] D:\upupw\aliveHouse\thinkphp\lang\zh-cn.php
[ info ] [ ROUTE ] array (
  'type' => 'module',
  'module' => 
  array (
    0 => 'manage',
    1 => 'settings',
    2 => 'message',
  ),
)
[ info ] [ HEADER ] array (
  'host' => 'www.alivehouse.com',
  'connection' => 'keep-alive',
  'upgrade-insecure-requests' => '1',
  'user-agent' => 'Mozilla/5.0 (Windows NT 6.1; Win64; x64) AppleWebKit/537.36 (KHTML, like Gecko) Chrome/57.0.2987.98 Safari/537.36',
  'accept' => 'text/html,application/xhtml+xml,application/xml;q=0.9,image/webp,*/*;q=0.8',
  'referer' => 'http://www.alivehouse.com/',
  'accept-encoding' => 'gzip, deflate, sdch',
  'accept-language' => 'zh-CN,zh;q=0.8',
  'cookie' => 'PHPSESSID=2m2qudu2t1ifohq0dnns549jh6',
)
[ info ] [ PARAM ] array (
  'iframe' => 'true',
)
[ info ] [ LOG ] INIT File

---------------------------------------------------------------
[ 2017-05-24T18:17:34+08:00 ] 127.0.0.1 127.0.0.1 GET /manage/settings/push.html?iframe=true
[ log ] www.alivehouse.com/manage/settings/push.html?iframe=true [运行时间：0.036002s][吞吐率：27.78req/s] [内存消耗：127.37kb] [文件加载：28]
[ info ] [ LANG ] D:\upupw\aliveHouse\thinkphp\lang\zh-cn.php
[ info ] [ ROUTE ] array (
  'type' => 'module',
  'module' => 
  array (
    0 => 'manage',
    1 => 'settings',
    2 => 'push',
  ),
)
[ info ] [ HEADER ] array (
  'host' => 'www.alivehouse.com',
  'connection' => 'keep-alive',
  'upgrade-insecure-requests' => '1',
  'user-agent' => 'Mozilla/5.0 (Windows NT 6.1; Win64; x64) AppleWebKit/537.36 (KHTML, like Gecko) Chrome/57.0.2987.98 Safari/537.36',
  'accept' => 'text/html,application/xhtml+xml,application/xml;q=0.9,image/webp,*/*;q=0.8',
  'referer' => 'http://www.alivehouse.com/',
  'accept-encoding' => 'gzip, deflate, sdch',
  'accept-language' => 'zh-CN,zh;q=0.8',
  'cookie' => 'PHPSESSID=2m2qudu2t1ifohq0dnns549jh6',
)
[ info ] [ PARAM ] array (
  'iframe' => 'true',
)
[ info ] [ LOG ] INIT File

---------------------------------------------------------------
[ 2017-05-24T18:17:34+08:00 ] 127.0.0.1 127.0.0.1 GET /manage/settings/safety.html?iframe=true
[ log ] www.alivehouse.com/manage/settings/safety.html?iframe=true [运行时间：0.040003s][吞吐率：25.00req/s] [内存消耗：127.37kb] [文件加载：28]
[ info ] [ LANG ] D:\upupw\aliveHouse\thinkphp\lang\zh-cn.php
[ info ] [ ROUTE ] array (
  'type' => 'module',
  'module' => 
  array (
    0 => 'manage',
    1 => 'settings',
    2 => 'safety',
  ),
)
[ info ] [ HEADER ] array (
  'host' => 'www.alivehouse.com',
  'connection' => 'keep-alive',
  'upgrade-insecure-requests' => '1',
  'user-agent' => 'Mozilla/5.0 (Windows NT 6.1; Win64; x64) AppleWebKit/537.36 (KHTML, like Gecko) Chrome/57.0.2987.98 Safari/537.36',
  'accept' => 'text/html,application/xhtml+xml,application/xml;q=0.9,image/webp,*/*;q=0.8',
  'referer' => 'http://www.alivehouse.com/',
  'accept-encoding' => 'gzip, deflate, sdch',
  'accept-language' => 'zh-CN,zh;q=0.8',
  'cookie' => 'PHPSESSID=2m2qudu2t1ifohq0dnns549jh6',
)
[ info ] [ PARAM ] array (
  'iframe' => 'true',
)
[ info ] [ LOG ] INIT File

---------------------------------------------------------------
[ 2017-05-24T18:17:35+08:00 ] 127.0.0.1 127.0.0.1 GET /manage/settings/primary.html?iframe=true
[ log ] www.alivehouse.com/manage/settings/primary.html?iframe=true [运行时间：0.040002s][吞吐率：25.00req/s] [内存消耗：127.37kb] [文件加载：28]
[ info ] [ LANG ] D:\upupw\aliveHouse\thinkphp\lang\zh-cn.php
[ info ] [ ROUTE ] array (
  'type' => 'module',
  'module' => 
  array (
    0 => 'manage',
    1 => 'settings',
    2 => 'primary',
  ),
)
[ info ] [ HEADER ] array (
  'host' => 'www.alivehouse.com',
  'connection' => 'keep-alive',
  'upgrade-insecure-requests' => '1',
  'user-agent' => 'Mozilla/5.0 (Windows NT 6.1; Win64; x64) AppleWebKit/537.36 (KHTML, like Gecko) Chrome/57.0.2987.98 Safari/537.36',
  'accept' => 'text/html,application/xhtml+xml,application/xml;q=0.9,image/webp,*/*;q=0.8',
  'referer' => 'http://www.alivehouse.com/',
  'accept-encoding' => 'gzip, deflate, sdch',
  'accept-language' => 'zh-CN,zh;q=0.8',
  'cookie' => 'PHPSESSID=2m2qudu2t1ifohq0dnns549jh6',
)
[ info ] [ PARAM ] array (
  'iframe' => 'true',
)
[ info ] [ LOG ] INIT File

---------------------------------------------------------------
[ 2017-05-24T18:17:35+08:00 ] 127.0.0.1 127.0.0.1 GET /manage/settings/site.html?iframe=true
[ log ] www.alivehouse.com/manage/settings/site.html?iframe=true [运行时间：0.037002s][吞吐率：27.03req/s] [内存消耗：127.37kb] [文件加载：28]
[ info ] [ LANG ] D:\upupw\aliveHouse\thinkphp\lang\zh-cn.php
[ info ] [ ROUTE ] array (
  'type' => 'module',
  'module' => 
  array (
    0 => 'manage',
    1 => 'settings',
    2 => 'site',
  ),
)
[ info ] [ HEADER ] array (
  'host' => 'www.alivehouse.com',
  'connection' => 'keep-alive',
  'upgrade-insecure-requests' => '1',
  'user-agent' => 'Mozilla/5.0 (Windows NT 6.1; Win64; x64) AppleWebKit/537.36 (KHTML, like Gecko) Chrome/57.0.2987.98 Safari/537.36',
  'accept' => 'text/html,application/xhtml+xml,application/xml;q=0.9,image/webp,*/*;q=0.8',
  'referer' => 'http://www.alivehouse.com/',
  'accept-encoding' => 'gzip, deflate, sdch',
  'accept-language' => 'zh-CN,zh;q=0.8',
  'cookie' => 'PHPSESSID=2m2qudu2t1ifohq0dnns549jh6',
)
[ info ] [ PARAM ] array (
  'iframe' => 'true',
)
[ info ] [ LOG ] INIT File

---------------------------------------------------------------
[ 2017-05-24T18:17:36+08:00 ] 127.0.0.1 127.0.0.1 GET /manage/settings/email.html?iframe=true
[ log ] www.alivehouse.com/manage/settings/email.html?iframe=true [运行时间：0.037002s][吞吐率：27.03req/s] [内存消耗：127.37kb] [文件加载：28]
[ info ] [ LANG ] D:\upupw\aliveHouse\thinkphp\lang\zh-cn.php
[ info ] [ ROUTE ] array (
  'type' => 'module',
  'module' => 
  array (
    0 => 'manage',
    1 => 'settings',
    2 => 'email',
  ),
)
[ info ] [ HEADER ] array (
  'host' => 'www.alivehouse.com',
  'connection' => 'keep-alive',
  'upgrade-insecure-requests' => '1',
  'user-agent' => 'Mozilla/5.0 (Windows NT 6.1; Win64; x64) AppleWebKit/537.36 (KHTML, like Gecko) Chrome/57.0.2987.98 Safari/537.36',
  'accept' => 'text/html,application/xhtml+xml,application/xml;q=0.9,image/webp,*/*;q=0.8',
  'referer' => 'http://www.alivehouse.com/',
  'accept-encoding' => 'gzip, deflate, sdch',
  'accept-language' => 'zh-CN,zh;q=0.8',
  'cookie' => 'PHPSESSID=2m2qudu2t1ifohq0dnns549jh6',
)
[ info ] [ PARAM ] array (
  'iframe' => 'true',
)
[ info ] [ LOG ] INIT File

---------------------------------------------------------------
[ 2017-05-24T18:17:36+08:00 ] 127.0.0.1 127.0.0.1 GET /manage/settings/log.html?iframe=true
[ log ] www.alivehouse.com/manage/settings/log.html?iframe=true [运行时间：0.033002s][吞吐率：30.30req/s] [内存消耗：127.34kb] [文件加载：28]
[ info ] [ LANG ] D:\upupw\aliveHouse\thinkphp\lang\zh-cn.php
[ info ] [ ROUTE ] array (
  'type' => 'module',
  'module' => 
  array (
    0 => 'manage',
    1 => 'settings',
    2 => 'log',
  ),
)
[ info ] [ HEADER ] array (
  'host' => 'www.alivehouse.com',
  'connection' => 'keep-alive',
  'upgrade-insecure-requests' => '1',
  'user-agent' => 'Mozilla/5.0 (Windows NT 6.1; Win64; x64) AppleWebKit/537.36 (KHTML, like Gecko) Chrome/57.0.2987.98 Safari/537.36',
  'accept' => 'text/html,application/xhtml+xml,application/xml;q=0.9,image/webp,*/*;q=0.8',
  'referer' => 'http://www.alivehouse.com/',
  'accept-encoding' => 'gzip, deflate, sdch',
  'accept-language' => 'zh-CN,zh;q=0.8',
  'cookie' => 'PHPSESSID=2m2qudu2t1ifohq0dnns549jh6',
)
[ info ] [ PARAM ] array (
  'iframe' => 'true',
)
[ info ] [ LOG ] INIT File

---------------------------------------------------------------
[ 2017-05-24T18:17:49+08:00 ] 127.0.0.1 127.0.0.1 GET /manage/login/logout.html
[ log ] www.alivehouse.com/manage/login/logout.html [运行时间：0.051003s][吞吐率：19.61req/s] [内存消耗：275.11kb] [文件加载：41]
[ info ] [ LANG ] D:\upupw\aliveHouse\thinkphp\lang\zh-cn.php
[ info ] [ ROUTE ] array (
  'type' => 'module',
  'module' => 
  array (
    0 => 'manage',
    1 => 'login',
    2 => 'logout',
  ),
)
[ info ] [ HEADER ] array (
  'host' => 'www.alivehouse.com',
  'connection' => 'keep-alive',
  'upgrade-insecure-requests' => '1',
  'user-agent' => 'Mozilla/5.0 (Windows NT 6.1; Win64; x64) AppleWebKit/537.36 (KHTML, like Gecko) Chrome/57.0.2987.98 Safari/537.36',
  'accept' => 'text/html,application/xhtml+xml,application/xml;q=0.9,image/webp,*/*;q=0.8',
  'referer' => 'http://www.alivehouse.com/',
  'accept-encoding' => 'gzip, deflate, sdch',
  'accept-language' => 'zh-CN,zh;q=0.8',
  'cookie' => 'PHPSESSID=2m2qudu2t1ifohq0dnns549jh6',
)
[ info ] [ PARAM ] array (
)
[ info ] [ RUN ] app\manage\controller\LoginController->logoutAction[ D:\upupw\aliveHouse\application\manage\controller\LoginController.php ]
[ info ] [ SESSION ] INIT array (
  'id' => '',
  'var_session_id' => '',
  'prefix' => 'think',
  'type' => '',
  'auto_start' => true,
)
[ info ] [ VIEW ] D:\upupw\aliveHouse\thinkphp\tpl\dispatch_jump.tpl [ array (
  0 => 'DEFAULT_URL',
  1 => 'code',
  2 => 'msg',
  3 => 'data',
  4 => 'url',
  5 => 'wait',
) ]
[ info ] [ LOG ] INIT File

---------------------------------------------------------------
[ 2017-05-24T18:17:52+08:00 ] 127.0.0.1 127.0.0.1 GET /manage/login/login.html
[ log ] www.alivehouse.com/manage/login/login.html [运行时间：0.061002s][吞吐率：16.39req/s] [内存消耗：421.78kb] [文件加载：47]
[ info ] [ LANG ] D:\upupw\aliveHouse\thinkphp\lang\zh-cn.php
[ info ] [ ROUTE ] array (
  'type' => 'module',
  'module' => 
  array (
    0 => 'manage',
    1 => 'login',
    2 => 'login',
  ),
)
[ info ] [ HEADER ] array (
  'host' => 'www.alivehouse.com',
  'connection' => 'keep-alive',
  'upgrade-insecure-requests' => '1',
  'user-agent' => 'Mozilla/5.0 (Windows NT 6.1; Win64; x64) AppleWebKit/537.36 (KHTML, like Gecko) Chrome/57.0.2987.98 Safari/537.36',
  'accept' => 'text/html,application/xhtml+xml,application/xml;q=0.9,image/webp,*/*;q=0.8',
  'referer' => 'http://www.alivehouse.com/manage/login/logout.html',
  'accept-encoding' => 'gzip, deflate, sdch',
  'accept-language' => 'zh-CN,zh;q=0.8',
  'cookie' => 'PHPSESSID=2m2qudu2t1ifohq0dnns549jh6',
)
[ info ] [ PARAM ] array (
)
[ info ] [ RUN ] app\manage\controller\LoginController->loginAction[ D:\upupw\aliveHouse\application\manage\controller\LoginController.php ]
[ info ] [ DB ] INIT mysql
[ info ] [ SESSION ] INIT array (
  'id' => '',
  'var_session_id' => '',
  'prefix' => 'think',
  'type' => '',
  'auto_start' => true,
)
[ info ] [ VIEW ] D:\upupw\aliveHouse\public/../application/manage\view\login\login.html [ array (
  0 => 'DEFAULT_URL',
  1 => 'meta_title',
) ]
[ info ] [ LOG ] INIT File

---------------------------------------------------------------
[ 2017-05-24T18:21:13+08:00 ] 127.0.0.1 127.0.0.1 POST /manage/login/login
[ log ] www.alivehouse.com/manage/login/login [运行时间：0.073004s][吞吐率：13.70req/s] [内存消耗：393.13kb] [文件加载：50]
[ info ] [ LANG ] D:\upupw\aliveHouse\thinkphp\lang\zh-cn.php
[ info ] [ ROUTE ] array (
  'type' => 'module',
  'module' => 
  array (
    0 => 'manage',
    1 => 'login',
    2 => 'login',
  ),
)
[ info ] [ HEADER ] array (
  'host' => 'www.alivehouse.com',
  'connection' => 'keep-alive',
  'content-length' => '30',
  'accept' => 'application/json, text/javascript, */*; q=0.01',
  'origin' => 'http://www.alivehouse.com',
  'x-requested-with' => 'XMLHttpRequest',
  'user-agent' => 'Mozilla/5.0 (Windows NT 6.1; Win64; x64) AppleWebKit/537.36 (KHTML, like Gecko) Chrome/57.0.2987.98 Safari/537.36',
  'content-type' => 'application/x-www-form-urlencoded; charset=UTF-8',
  'referer' => 'http://www.alivehouse.com/manage/login/login.html',
  'accept-encoding' => 'gzip, deflate',
  'accept-language' => 'zh-CN,zh;q=0.8',
  'cookie' => 'PHPSESSID=2m2qudu2t1ifohq0dnns549jh6',
)
[ info ] [ PARAM ] array (
  'param' => 'dsdsdsd',
  'name' => 'WF_username',
)
[ info ] [ RUN ] app\manage\controller\LoginController->loginAction[ D:\upupw\aliveHouse\application\manage\controller\LoginController.php ]
[ info ] [ DB ] INIT mysql
[ info ] [ SESSION ] INIT array (
  'id' => '',
  'var_session_id' => '',
  'prefix' => 'think',
  'type' => '',
  'auto_start' => true,
)
[ info ] [ LOG ] INIT File
[ sql ] [ DB ] CONNECT:[ UseTime:0.010001s ] mysql:dbname=ah_alivehouse;host=127.0.0.1;port=3306;charset=utf8
[ error ] [42S02]SQLSTATE[42S02]: Base table or view not found: 1146 Table 'ah_alivehouse.ah_base_user' doesn't exist[D:\upupw\aliveHouse\thinkphp\library\think\db\connector\Mysql.php:63]

---------------------------------------------------------------
