[ 2017-05-26T23:45:38+08:00 ] 127.0.0.1 127.0.0.1 GET /
[ log ] www.alivehouse.com/ [运行时间：0.161009s][吞吐率：6.21req/s] [内存消耗：770.66kb] [文件加载：37]
[ info ] [ LANG ] F:\aliveDinner\upupw\www\aliveHouse\thinkphp\lang\zh-cn.php
[ info ] [ ROUTE ] array (
  'type' => 'module',
  'module' => 
  array (
    0 => '',
    1 => NULL,
    2 => NULL,
  ),
)
[ info ] [ HEADER ] array (
  'host' => 'www.alivehouse.com',
  'connection' => 'keep-alive',
  'upgrade-insecure-requests' => '1',
  'user-agent' => 'Mozilla/5.0 (Windows NT 6.1; Win64; x64) AppleWebKit/537.36 (KHTML, like Gecko) Chrome/58.0.3029.110 Safari/537.36',
  'accept' => 'text/html,application/xhtml+xml,application/xml;q=0.9,image/webp,*/*;q=0.8',
  'accept-encoding' => 'gzip, deflate, sdch',
  'accept-language' => 'zh-CN,zh;q=0.8',
)
[ info ] [ PARAM ] array (
)
[ info ] [ RUN ] app\home\controller\IndexController->indexAction[ F:\aliveDinner\upupw\www\aliveHouse\application\home\controller\IndexController.php ]
[ info ] [ VIEW ] F:\aliveDinner\upupw\www\aliveHouse\public/../application/home\view\index\index.html [ array (
) ]
[ info ] [ LOG ] INIT File

---------------------------------------------------------------
[ 2017-05-26T23:45:39+08:00 ] 127.0.0.1 127.0.0.1 GET /image/imageSearchBoxBtnStyle/48/go.png?v=201608161755
[ log ] www.alivehouse.com/image/imageSearchBoxBtnStyle/48/go.png?v=201608161755 [运行时间：0.046003s][吞吐率：21.74req/s] [内存消耗：127.77kb] [文件加载：28]
[ info ] [ LANG ] F:\aliveDinner\upupw\www\aliveHouse\thinkphp\lang\zh-cn.php
[ info ] [ ROUTE ] array (
  'type' => 'module',
  'module' => 
  array (
    0 => 'image',
    1 => 'imageSearchBoxBtnStyle',
    2 => '48',
  ),
)
[ info ] [ HEADER ] array (
  'host' => 'www.alivehouse.com',
  'connection' => 'keep-alive',
  'user-agent' => 'Mozilla/5.0 (Windows NT 6.1; Win64; x64) AppleWebKit/537.36 (KHTML, like Gecko) Chrome/58.0.3029.110 Safari/537.36',
  'accept' => 'image/webp,image/*,*/*;q=0.8',
  'referer' => 'http://www.alivehouse.com/static/css/home/searchBoxStyle1.css',
  'accept-encoding' => 'gzip, deflate, sdch',
  'accept-language' => 'zh-CN,zh;q=0.8',
)
[ info ] [ PARAM ] array (
  'v' => '201608161755',
)
[ info ] [ LOG ] INIT File

---------------------------------------------------------------
[ 2017-05-26T23:45:39+08:00 ] 127.0.0.1 127.0.0.1 GET /ajax/mail_h.php?cmd=showOrHideMailBox
[ log ] www.alivehouse.com/ajax/mail_h.php?cmd=showOrHideMailBox [运行时间：0.047003s][吞吐率：21.28req/s] [内存消耗：126.30kb] [文件加载：28]
[ info ] [ LANG ] F:\aliveDinner\upupw\www\aliveHouse\thinkphp\lang\zh-cn.php
[ info ] [ ROUTE ] array (
  'type' => 'module',
  'module' => 
  array (
    0 => 'ajax',
    1 => 'mail_h.php',
    2 => NULL,
  ),
)
[ info ] [ HEADER ] array (
  'host' => 'www.alivehouse.com',
  'connection' => 'keep-alive',
  'accept' => '*/*',
  'x-requested-with' => 'XMLHttpRequest',
  'user-agent' => 'Mozilla/5.0 (Windows NT 6.1; Win64; x64) AppleWebKit/537.36 (KHTML, like Gecko) Chrome/58.0.3029.110 Safari/537.36',
  'referer' => 'http://www.alivehouse.com/',
  'accept-encoding' => 'gzip, deflate, sdch',
  'accept-language' => 'zh-CN,zh;q=0.8',
)
[ info ] [ PARAM ] array (
  'cmd' => 'showOrHideMailBox',
)
[ info ] [ LOG ] INIT File

---------------------------------------------------------------
[ 2017-05-26T23:45:39+08:00 ] 127.0.0.1 127.0.0.1 POST /ajax/statistics_h.php?cmd=visited
[ log ] www.alivehouse.com/ajax/statistics_h.php?cmd=visited [运行时间：0.047002s][吞吐率：21.28req/s] [内存消耗：126.80kb] [文件加载：28]
[ info ] [ LANG ] F:\aliveDinner\upupw\www\aliveHouse\thinkphp\lang\zh-cn.php
[ info ] [ ROUTE ] array (
  'type' => 'module',
  'module' => 
  array (
    0 => 'ajax',
    1 => 'statistics_h.php',
    2 => NULL,
  ),
)
[ info ] [ HEADER ] array (
  'host' => 'www.alivehouse.com',
  'connection' => 'keep-alive',
  'content-length' => '169',
  'accept' => '*/*',
  'origin' => 'http://www.alivehouse.com',
  'x-requested-with' => 'XMLHttpRequest',
  'user-agent' => 'Mozilla/5.0 (Windows NT 6.1; Win64; x64) AppleWebKit/537.36 (KHTML, like Gecko) Chrome/58.0.3029.110 Safari/537.36',
  'content-type' => 'application/x-www-form-urlencoded; charset=UTF-8',
  'referer' => 'http://www.alivehouse.com/',
  'accept-encoding' => 'gzip, deflate',
  'accept-language' => 'zh-CN,zh;q=0.8',
)
[ info ] [ PARAM ] array (
  'cmd' => 'visited',
  'colId' => '2',
  'pdId' => '-1',
  'ndId' => '-1',
  'browserType' => '2',
  'screenType' => '1',
  'sc' => '0',
  'rf' => 'http://m.ot13227318.faisco.cn/index.php',
  'visitUrl' => 'http://www.alivehouse.com/',
  'visitEquipment' => 'pc',
)
[ info ] [ LOG ] INIT File

---------------------------------------------------------------
[ 2017-05-26T23:45:39+08:00 ] 127.0.0.1 127.0.0.1 POST /ajax/logAjaxErr_h.php?cmd=ajaxErr&error=Not%20Found&status=404
[ log ] www.alivehouse.com/ajax/logAjaxErr_h.php?cmd=ajaxErr&error=Not%20Found&status=404 [运行时间：0.049003s][吞吐率：20.41req/s] [内存消耗：126.25kb] [文件加载：28]
[ info ] [ LANG ] F:\aliveDinner\upupw\www\aliveHouse\thinkphp\lang\zh-cn.php
[ info ] [ ROUTE ] array (
  'type' => 'module',
  'module' => 
  array (
    0 => 'ajax',
    1 => 'logAjaxErr_h.php',
    2 => NULL,
  ),
)
[ info ] [ HEADER ] array (
  'host' => 'www.alivehouse.com',
  'connection' => 'keep-alive',
  'content-length' => '101',
  'origin' => 'http://www.alivehouse.com',
  'user-agent' => 'Mozilla/5.0 (Windows NT 6.1; Win64; x64) AppleWebKit/537.36 (KHTML, like Gecko) Chrome/58.0.3029.110 Safari/537.36',
  'content-type' => 'application/x-www-form-urlencoded; charset=UTF-8',
  'accept' => '*/*',
  'referer' => 'http://www.alivehouse.com/',
  'accept-encoding' => 'gzip, deflate',
  'accept-language' => 'zh-CN,zh;q=0.8',
)
[ info ] [ PARAM ] array (
  'cmd' => 'ajaxErr',
  'error' => 'Not Found',
  'status' => '404',
  'msg' => 'ajaxUrl=../ajax/mail_h.php?cmd=showOrHideMailBox;refer=http://www.alivehouse.com/',
)
[ info ] [ LOG ] INIT File

---------------------------------------------------------------
[ 2017-05-26T23:45:39+08:00 ] 127.0.0.1 127.0.0.1 POST /ajax/logAjaxErr_h.php?cmd=ajaxErr&error=Not%20Found&status=404
[ log ] www.alivehouse.com/ajax/logAjaxErr_h.php?cmd=ajaxErr&error=Not%20Found&status=404 [运行时间：0.049003s][吞吐率：20.41req/s] [内存消耗：126.25kb] [文件加载：28]
[ info ] [ LANG ] F:\aliveDinner\upupw\www\aliveHouse\thinkphp\lang\zh-cn.php
[ info ] [ ROUTE ] array (
  'type' => 'module',
  'module' => 
  array (
    0 => 'ajax',
    1 => 'logAjaxErr_h.php',
    2 => NULL,
  ),
)
[ info ] [ HEADER ] array (
  'host' => 'www.alivehouse.com',
  'connection' => 'keep-alive',
  'content-length' => '92',
  'origin' => 'http://www.alivehouse.com',
  'user-agent' => 'Mozilla/5.0 (Windows NT 6.1; Win64; x64) AppleWebKit/537.36 (KHTML, like Gecko) Chrome/58.0.3029.110 Safari/537.36',
  'content-type' => 'application/x-www-form-urlencoded; charset=UTF-8',
  'accept' => '*/*',
  'referer' => 'http://www.alivehouse.com/',
  'accept-encoding' => 'gzip, deflate',
  'accept-language' => 'zh-CN,zh;q=0.8',
)
[ info ] [ PARAM ] array (
  'cmd' => 'ajaxErr',
  'error' => 'Not Found',
  'status' => '404',
  'msg' => 'ajaxUrl=ajax/statistics_h.php?cmd=visited;refer=http://www.alivehouse.com/',
)
[ info ] [ LOG ] INIT File

---------------------------------------------------------------
[ 2017-05-26T23:45:51+08:00 ] 127.0.0.1 127.0.0.1 POST /ajax/statistics_h.php?cmd=visitTime
[ log ] www.alivehouse.com/ajax/statistics_h.php?cmd=visitTime [运行时间：0.051003s][吞吐率：19.61req/s] [内存消耗：126.72kb] [文件加载：28]
[ info ] [ LANG ] F:\aliveDinner\upupw\www\aliveHouse\thinkphp\lang\zh-cn.php
[ info ] [ ROUTE ] array (
  'type' => 'module',
  'module' => 
  array (
    0 => 'ajax',
    1 => 'statistics_h.php',
    2 => NULL,
  ),
)
[ info ] [ HEADER ] array (
  'host' => 'www.alivehouse.com',
  'connection' => 'keep-alive',
  'content-length' => '0',
  'accept' => '*/*',
  'origin' => 'http://www.alivehouse.com',
  'x-requested-with' => 'XMLHttpRequest',
  'user-agent' => 'Mozilla/5.0 (Windows NT 6.1; Win64; x64) AppleWebKit/537.36 (KHTML, like Gecko) Chrome/58.0.3029.110 Safari/537.36',
  'referer' => 'http://www.alivehouse.com/',
  'accept-encoding' => 'gzip, deflate',
  'accept-language' => 'zh-CN,zh;q=0.8',
)
[ info ] [ PARAM ] array (
  'cmd' => 'visitTime',
)
[ info ] [ LOG ] INIT File

---------------------------------------------------------------
[ 2017-05-26T23:45:51+08:00 ] 127.0.0.1 127.0.0.1 GET /manage
[ log ] www.alivehouse.com/manage [运行时间：0.095006s][吞吐率：10.53req/s] [内存消耗：192.54kb] [文件加载：38]
[ info ] [ LANG ] F:\aliveDinner\upupw\www\aliveHouse\thinkphp\lang\zh-cn.php
[ info ] [ ROUTE ] array (
  'type' => 'module',
  'module' => 
  array (
    0 => 'manage',
    1 => NULL,
    2 => NULL,
  ),
)
[ info ] [ HEADER ] array (
  'host' => 'www.alivehouse.com',
  'connection' => 'keep-alive',
  'upgrade-insecure-requests' => '1',
  'user-agent' => 'Mozilla/5.0 (Windows NT 6.1; Win64; x64) AppleWebKit/537.36 (KHTML, like Gecko) Chrome/58.0.3029.110 Safari/537.36',
  'accept' => 'text/html,application/xhtml+xml,application/xml;q=0.9,image/webp,*/*;q=0.8',
  'accept-encoding' => 'gzip, deflate, sdch',
  'accept-language' => 'zh-CN,zh;q=0.8',
)
[ info ] [ PARAM ] array (
)
[ info ] [ RUN ] app\manage\controller\IndexController->indexAction[ F:\aliveDinner\upupw\www\aliveHouse\application\manage\controller\IndexController.php ]
[ info ] [ SESSION ] INIT array (
  'id' => '',
  'var_session_id' => '',
  'prefix' => 'think',
  'type' => '',
  'auto_start' => true,
)
[ info ] [ VIEW ] F:\aliveDinner\upupw\www\aliveHouse\public/../application/manage\view\index\index.html [ array (
  0 => 'DEFAULT_URL',
  1 => 'meta_title',
) ]
[ info ] [ LOG ] INIT File

---------------------------------------------------------------
[ 2017-05-26T23:45:51+08:00 ] 127.0.0.1 127.0.0.1 POST /ajax/logAjaxErr_h.php?cmd=ajaxErr&error=Not%20Found&status=404
[ log ] www.alivehouse.com/ajax/logAjaxErr_h.php?cmd=ajaxErr&error=Not%20Found&status=404 [运行时间：0.043003s][吞吐率：23.25req/s] [内存消耗：126.25kb] [文件加载：28]
[ info ] [ LANG ] F:\aliveDinner\upupw\www\aliveHouse\thinkphp\lang\zh-cn.php
[ info ] [ ROUTE ] array (
  'type' => 'module',
  'module' => 
  array (
    0 => 'ajax',
    1 => 'logAjaxErr_h.php',
    2 => NULL,
  ),
)
[ info ] [ HEADER ] array (
  'host' => 'www.alivehouse.com',
  'connection' => 'keep-alive',
  'content-length' => '94',
  'origin' => 'http://www.alivehouse.com',
  'user-agent' => 'Mozilla/5.0 (Windows NT 6.1; Win64; x64) AppleWebKit/537.36 (KHTML, like Gecko) Chrome/58.0.3029.110 Safari/537.36',
  'content-type' => 'application/x-www-form-urlencoded; charset=UTF-8',
  'accept' => '*/*',
  'referer' => 'http://www.alivehouse.com/',
  'accept-encoding' => 'gzip, deflate',
  'accept-language' => 'zh-CN,zh;q=0.8',
)
[ info ] [ PARAM ] array (
  'cmd' => 'ajaxErr',
  'error' => 'Not Found',
  'status' => '404',
  'msg' => 'ajaxUrl=ajax/statistics_h.php?cmd=visitTime;refer=http://www.alivehouse.com/',
)
[ info ] [ LOG ] INIT File

---------------------------------------------------------------
[ 2017-05-26T23:45:51+08:00 ] 127.0.0.1 127.0.0.1 GET /manage/index/nav
[ log ] www.alivehouse.com/manage/index/nav [运行时间：0.148008s][吞吐率：6.76req/s] [内存消耗：571.10kb] [文件加载：54]
[ info ] [ LANG ] F:\aliveDinner\upupw\www\aliveHouse\thinkphp\lang\zh-cn.php
[ info ] [ ROUTE ] array (
  'type' => 'module',
  'module' => 
  array (
    0 => 'manage',
    1 => 'index',
    2 => 'nav',
  ),
)
[ info ] [ HEADER ] array (
  'host' => 'www.alivehouse.com',
  'connection' => 'keep-alive',
  'accept' => 'application/json, text/javascript, */*; q=0.01',
  'x-requested-with' => 'XMLHttpRequest',
  'user-agent' => 'Mozilla/5.0 (Windows NT 6.1; Win64; x64) AppleWebKit/537.36 (KHTML, like Gecko) Chrome/58.0.3029.110 Safari/537.36',
  'referer' => 'http://www.alivehouse.com/manage',
  'accept-encoding' => 'gzip, deflate, sdch',
  'accept-language' => 'zh-CN,zh;q=0.8',
  'cookie' => 'PHPSESSID=93bnoqcng8pckob5iefkudhf21',
)
[ info ] [ PARAM ] array (
)
[ info ] [ RUN ] app\manage\controller\IndexController->navAction[ F:\aliveDinner\upupw\www\aliveHouse\application\manage\controller\IndexController.php ]
[ info ] [ DB ] INIT mysql
[ info ] [ SESSION ] INIT array (
  'id' => '',
  'var_session_id' => '',
  'prefix' => 'think',
  'type' => '',
  'auto_start' => true,
)
[ info ] [ LOG ] INIT File
[ error ] [1049]SQLSTATE[HY000] [1049] Unknown database 'ah_alivehouse'[F:\aliveDinner\upupw\www\aliveHouse\thinkphp\library\think\db\Connection.php:287]
[ error ] [1]Uncaught think\exception\ErrorException: session_start(): Cannot send session cache limiter - headers already sent (output started at F:\aliveDinner\upupw\www\aliveHouse\thinkphp\library\think\Response.php:120) in F:\aliveDinner\upupw\www\aliveHouse\thinkphp\library\think\Session.php:105
Stack trace:
#0 [internal function]: think\Error::appError(2, 'session_start()...', 'F:\\aliveDinner\\...', 105, Array)
#1 F:\aliveDinner\upupw\www\aliveHouse\thinkphp\library\think\Session.php(105): session_start()
#2 F:\aliveDinner\upupw\www\aliveHouse\thinkphp\library\think\Session.php(119): think\Session::init()
#3 F:\aliveDinner\upupw\www\aliveHouse\thinkphp\library\think\Session.php(163): think\Session::boot()
#4 F:\aliveDinner\upupw\www\aliveHouse\thinkphp\helper.php(304): think\Session::get('__MANAGE_URL__', NULL)
#5 F:\aliveDinner\upupw\www\aliveHouse\application\common\controller\BaseController.php(489): session('__MANAGE_URL__')
#6 F:\aliveDinner\upupw\www\aliveHouse\application\common\controller\BaseController.php[F:\aliveDinner\upupw\www\aliveHouse\thinkphp\library\think\Session.php:105]

---------------------------------------------------------------
[ 2017-05-26T23:45:51+08:00 ] 127.0.0.1 127.0.0.1 GET /manage/index/home.html?iframe=true
[ log ] www.alivehouse.com/manage/index/home.html?iframe=true [运行时间：0.074005s][吞吐率：13.51req/s] [内存消耗：196.70kb] [文件加载：38]
[ info ] [ LANG ] F:\aliveDinner\upupw\www\aliveHouse\thinkphp\lang\zh-cn.php
[ info ] [ ROUTE ] array (
  'type' => 'module',
  'module' => 
  array (
    0 => 'manage',
    1 => 'index',
    2 => 'home',
  ),
)
[ info ] [ HEADER ] array (
  'host' => 'www.alivehouse.com',
  'connection' => 'keep-alive',
  'upgrade-insecure-requests' => '1',
  'user-agent' => 'Mozilla/5.0 (Windows NT 6.1; Win64; x64) AppleWebKit/537.36 (KHTML, like Gecko) Chrome/58.0.3029.110 Safari/537.36',
  'accept' => 'text/html,application/xhtml+xml,application/xml;q=0.9,image/webp,*/*;q=0.8',
  'referer' => 'http://www.alivehouse.com/manage',
  'accept-encoding' => 'gzip, deflate, sdch',
  'accept-language' => 'zh-CN,zh;q=0.8',
  'cookie' => 'PHPSESSID=93bnoqcng8pckob5iefkudhf21',
)
[ info ] [ PARAM ] array (
  'iframe' => 'true',
)
[ info ] [ RUN ] app\manage\controller\IndexController->homeAction[ F:\aliveDinner\upupw\www\aliveHouse\application\manage\controller\IndexController.php ]
[ info ] [ SESSION ] INIT array (
  'id' => '',
  'var_session_id' => '',
  'prefix' => 'think',
  'type' => '',
  'auto_start' => true,
)
[ info ] [ VIEW ] F:\aliveDinner\upupw\www\aliveHouse\public/../application/manage\view\index\home.html [ array (
  0 => 'meta_title',
) ]
[ info ] [ LOG ] INIT File

---------------------------------------------------------------
